{"meta": {"format": 3, "version": "7.11.0", "timestamp": "2025-10-23T22:03:23.797454", "branch_coverage": false, "show_contexts": false}, "files": {"src\\trackhs_mcp\\__init__.py": {"executed_lines": [1, 8, 9, 10, 13, 14, 16], "summary": {"covered_lines": 6, "num_statements": 6, "percent_covered": 100.0, "percent_covered_display": "100", "missing_lines": 0, "excluded_lines": 0}, "missing_lines": [], "excluded_lines": [], "functions": {"": {"executed_lines": [1, 8, 9, 10, 13, 14, 16], "summary": {"covered_lines": 6, "num_statements": 6, "percent_covered": 100.0, "percent_covered_display": "100", "missing_lines": 0, "excluded_lines": 0}, "missing_lines": [], "excluded_lines": []}}, "classes": {"": {"executed_lines": [1, 8, 9, 10, 13, 14, 16], "summary": {"covered_lines": 6, "num_statements": 6, "percent_covered": 100.0, "percent_covered_display": "100", "missing_lines": 0, "excluded_lines": 0}, "missing_lines": [], "excluded_lines": []}}}, "src\\trackhs_mcp\\__main__.py": {"executed_lines": [], "summary": {"covered_lines": 0, "num_statements": 51, "percent_covered": 0.0, "percent_covered_display": "0", "missing_lines": 51, "excluded_lines": 9}, "missing_lines": [6, 7, 8, 9, 11, 12, 15, 16, 17, 18, 20, 21, 22, 26, 27, 28, 31, 34, 37, 39, 41, 43, 46, 47, 49, 50, 51, 52, 55, 56, 58, 59, 62, 64, 71, 72, 73, 74, 77, 78, 81, 84, 87, 90, 95, 97, 98, 100, 101, 102, 106], "excluded_lines": [109, 110, 111, 116, 117, 118, 119, 120, 121], "functions": {"main": {"executed_lines": [], "summary": {"covered_lines": 0, "num_statements": 31, "percent_covered": 0.0, "percent_covered_display": "0", "missing_lines": 31, "excluded_lines": 0}, "missing_lines": [39, 41, 43, 46, 47, 49, 50, 51, 52, 55, 56, 58, 59, 62, 64, 71, 72, 73, 74, 77, 78, 81, 84, 87, 90, 95, 97, 98, 100, 101, 102], "excluded_lines": []}, "": {"executed_lines": [], "summary": {"covered_lines": 0, "num_statements": 20, "percent_covered": 0.0, "percent_covered_display": "0", "missing_lines": 20, "excluded_lines": 9}, "missing_lines": [6, 7, 8, 9, 11, 12, 15, 16, 17, 18, 20, 21, 22, 26, 27, 28, 31, 34, 37, 106], "excluded_lines": [109, 110, 111, 116, 117, 118, 119, 120, 121]}}, "classes": {"": {"executed_lines": [], "summary": {"covered_lines": 0, "num_statements": 51, "percent_covered": 0.0, "percent_covered_display": "0", "missing_lines": 51, "excluded_lines": 9}, "missing_lines": [6, 7, 8, 9, 11, 12, 15, 16, 17, 18, 20, 21, 22, 26, 27, 28, 31, 34, 37, 39, 41, 43, 46, 47, 49, 50, 51, 52, 55, 56, 58, 59, 62, 64, 71, 72, 73, 74, 77, 78, 81, 84, 87, 90, 95, 97, 98, 100, 101, 102, 106], "excluded_lines": [109, 110, 111, 116, 117, 118, 119, 120, 121]}}}, "src\\trackhs_mcp\\application\\__init__.py": {"executed_lines": [1], "summary": {"covered_lines": 0, "num_statements": 0, "percent_covered": 100.0, "percent_covered_display": "100", "missing_lines": 0, "excluded_lines": 0}, "missing_lines": [], "excluded_lines": [], "functions": {"": {"executed_lines": [1], "summary": {"covered_lines": 0, "num_statements": 0, "percent_covered": 100.0, "percent_covered_display": "100", "missing_lines": 0, "excluded_lines": 0}, "missing_lines": [], "excluded_lines": []}}, "classes": {"": {"executed_lines": [1], "summary": {"covered_lines": 0, "num_statements": 0, "percent_covered": 100.0, "percent_covered_display": "100", "missing_lines": 0, "excluded_lines": 0}, "missing_lines": [], "excluded_lines": []}}}, "src\\trackhs_mcp\\application\\ports\\__init__.py": {"executed_lines": [1], "summary": {"covered_lines": 0, "num_statements": 0, "percent_covered": 100.0, "percent_covered_display": "100", "missing_lines": 0, "excluded_lines": 0}, "missing_lines": [], "excluded_lines": [], "functions": {"": {"executed_lines": [1], "summary": {"covered_lines": 0, "num_statements": 0, "percent_covered": 100.0, "percent_covered_display": "100", "missing_lines": 0, "excluded_lines": 0}, "missing_lines": [], "excluded_lines": []}}, "classes": {"": {"executed_lines": [1], "summary": {"covered_lines": 0, "num_statements": 0, "percent_covered": 100.0, "percent_covered_display": "100", "missing_lines": 0, "excluded_lines": 0}, "missing_lines": [], "excluded_lines": []}}}, "src\\trackhs_mcp\\application\\ports\\api_client_port.py": {"executed_lines": [1, 5, 6, 11, 12, 14, 15, 20, 21, 26, 27, 32, 33, 36, 37], "summary": {"covered_lines": 13, "num_statements": 13, "percent_covered": 100.0, "percent_covered_display": "100", "missing_lines": 0, "excluded_lines": 0}, "missing_lines": [], "excluded_lines": [], "functions": {"ApiClientPort.get": {"executed_lines": [], "summary": {"covered_lines": 0, "num_statements": 0, "percent_covered": 100.0, "percent_covered_display": "100", "missing_lines": 0, "excluded_lines": 0}, "missing_lines": [], "excluded_lines": []}, "ApiClientPort.post": {"executed_lines": [], "summary": {"covered_lines": 0, "num_statements": 0, "percent_covered": 100.0, "percent_covered_display": "100", "missing_lines": 0, "excluded_lines": 0}, "missing_lines": [], "excluded_lines": []}, "ApiClientPort.put": {"executed_lines": [], "summary": {"covered_lines": 0, "num_statements": 0, "percent_covered": 100.0, "percent_covered_display": "100", "missing_lines": 0, "excluded_lines": 0}, "missing_lines": [], "excluded_lines": []}, "ApiClientPort.delete": {"executed_lines": [], "summary": {"covered_lines": 0, "num_statements": 0, "percent_covered": 100.0, "percent_covered_display": "100", "missing_lines": 0, "excluded_lines": 0}, "missing_lines": [], "excluded_lines": []}, "ApiClientPort.request": {"executed_lines": [], "summary": {"covered_lines": 0, "num_statements": 0, "percent_covered": 100.0, "percent_covered_display": "100", "missing_lines": 0, "excluded_lines": 0}, "missing_lines": [], "excluded_lines": []}, "": {"executed_lines": [1, 5, 6, 11, 12, 14, 15, 20, 21, 26, 27, 32, 33, 36, 37], "summary": {"covered_lines": 13, "num_statements": 13, "percent_covered": 100.0, "percent_covered_display": "100", "missing_lines": 0, "excluded_lines": 0}, "missing_lines": [], "excluded_lines": []}}, "classes": {"ApiClientPort": {"executed_lines": [], "summary": {"covered_lines": 0, "num_statements": 0, "percent_covered": 100.0, "percent_covered_display": "100", "missing_lines": 0, "excluded_lines": 0}, "missing_lines": [], "excluded_lines": []}, "": {"executed_lines": [1, 5, 6, 11, 12, 14, 15, 20, 21, 26, 27, 32, 33, 36, 37], "summary": {"covered_lines": 13, "num_statements": 13, "percent_covered": 100.0, "percent_covered_display": "100", "missing_lines": 0, "excluded_lines": 0}, "missing_lines": [], "excluded_lines": []}}}, "src\\trackhs_mcp\\application\\use_cases\\__init__.py": {"executed_lines": [1], "summary": {"covered_lines": 0, "num_statements": 0, "percent_covered": 100.0, "percent_covered_display": "100", "missing_lines": 0, "excluded_lines": 0}, "missing_lines": [], "excluded_lines": [], "functions": {"": {"executed_lines": [1], "summary": {"covered_lines": 0, "num_statements": 0, "percent_covered": 100.0, "percent_covered_display": "100", "missing_lines": 0, "excluded_lines": 0}, "missing_lines": [], "excluded_lines": []}}, "classes": {"": {"executed_lines": [1], "summary": {"covered_lines": 0, "num_statements": 0, "percent_covered": 100.0, "percent_covered_display": "100", "missing_lines": 0, "excluded_lines": 0}, "missing_lines": [], "excluded_lines": []}}}, "src\\trackhs_mcp\\application\\use_cases\\create_housekeeping_work_order.py": {"executed_lines": [1, 8, 10, 16, 20, 21, 23, 32, 66, 134], "summary": {"covered_lines": 6, "num_statements": 60, "percent_covered": 10.0, "percent_covered_display": "10", "missing_lines": 54, "excluded_lines": 3}, "missing_lines": [30, 47, 49, 52, 57, 59, 61, 62, 78, 80, 83, 84, 87, 91, 96, 97, 98, 99, 102, 103, 104, 105, 108, 109, 110, 111, 112, 113, 114, 115, 116, 117, 118, 119, 120, 121, 124, 125, 128, 132, 147, 148, 151, 153, 154, 155, 157, 158, 160, 161, 162, 167, 168, 171], "excluded_lines": [8, 16, 17], "functions": {"CreateHousekeepingWorkOrderUseCase.__init__": {"executed_lines": [], "summary": {"covered_lines": 0, "num_statements": 1, "percent_covered": 0.0, "percent_covered_display": "0", "missing_lines": 1, "excluded_lines": 0}, "missing_lines": [30], "excluded_lines": []}, "CreateHousekeepingWorkOrderUseCase.execute": {"executed_lines": [], "summary": {"covered_lines": 0, "num_statements": 7, "percent_covered": 0.0, "percent_covered_display": "0", "missing_lines": 7, "excluded_lines": 0}, "missing_lines": [47, 49, 52, 57, 59, 61, 62], "excluded_lines": []}, "CreateHousekeepingWorkOrderUseCase._prepare_request_data": {"executed_lines": [], "summary": {"covered_lines": 0, "num_statements": 32, "percent_covered": 0.0, "percent_covered_display": "0", "missing_lines": 32, "excluded_lines": 0}, "missing_lines": [78, 80, 83, 84, 87, 91, 96, 97, 98, 99, 102, 103, 104, 105, 108, 109, 110, 111, 112, 113, 114, 115, 116, 117, 118, 119, 120, 121, 124, 125, 128, 132], "excluded_lines": []}, "CreateHousekeepingWorkOrderUseCase._transform_response": {"executed_lines": [], "summary": {"covered_lines": 0, "num_statements": 14, "percent_covered": 0.0, "percent_covered_display": "0", "missing_lines": 14, "excluded_lines": 0}, "missing_lines": [147, 148, 151, 153, 154, 155, 157, 158, 160, 161, 162, 167, 168, 171], "excluded_lines": []}, "": {"executed_lines": [1, 8, 10, 16, 20, 21, 23, 32, 66, 134], "summary": {"covered_lines": 6, "num_statements": 6, "percent_covered": 100.0, "percent_covered_display": "100", "missing_lines": 0, "excluded_lines": 3}, "missing_lines": [], "excluded_lines": [8, 16, 17]}}, "classes": {"CreateHousekeepingWorkOrderUseCase": {"executed_lines": [], "summary": {"covered_lines": 0, "num_statements": 54, "percent_covered": 0.0, "percent_covered_display": "0", "missing_lines": 54, "excluded_lines": 0}, "missing_lines": [30, 47, 49, 52, 57, 59, 61, 62, 78, 80, 83, 84, 87, 91, 96, 97, 98, 99, 102, 103, 104, 105, 108, 109, 110, 111, 112, 113, 114, 115, 116, 117, 118, 119, 120, 121, 124, 125, 128, 132, 147, 148, 151, 153, 154, 155, 157, 158, 160, 161, 162, 167, 168, 171], "excluded_lines": []}, "": {"executed_lines": [1, 8, 10, 16, 20, 21, 23, 32, 66, 134], "summary": {"covered_lines": 6, "num_statements": 6, "percent_covered": 100.0, "percent_covered_display": "100", "missing_lines": 0, "excluded_lines": 3}, "missing_lines": [], "excluded_lines": [8, 16, 17]}}}, "src\\trackhs_mcp\\application\\use_cases\\create_work_order.py": {"executed_lines": [1, 8, 9, 11, 12, 17, 26, 27, 29, 33, 112, 169, 256], "summary": {"covered_lines": 11, "num_statements": 112, "percent_covered": 9.821428571428571, "percent_covered_display": "10", "missing_lines": 101, "excluded_lines": 0}, "missing_lines": [31, 49, 51, 54, 57, 59, 60, 63, 68, 69, 71, 72, 73, 74, 75, 76, 77, 78, 79, 82, 83, 86, 88, 89, 90, 91, 93, 94, 95, 98, 99, 100, 101, 102, 103, 104, 108, 109, 110, 123, 124, 129, 132, 135, 136, 137, 142, 143, 146, 147, 150, 151, 153, 154, 157, 158, 162, 163, 166, 167, 180, 181, 182, 185, 192, 194, 205, 206, 207, 208, 209, 211, 212, 214, 215, 219, 220, 222, 223, 225, 226, 228, 229, 231, 232, 234, 235, 237, 238, 240, 241, 243, 244, 247, 248, 254, 266, 268, 269, 270, 271], "excluded_lines": [], "functions": {"CreateWorkOrderUseCase.__init__": {"executed_lines": [], "summary": {"covered_lines": 0, "num_statements": 1, "percent_covered": 0.0, "percent_covered_display": "0", "missing_lines": 1, "excluded_lines": 0}, "missing_lines": [31], "excluded_lines": []}, "CreateWorkOrderUseCase.execute": {"executed_lines": [], "summary": {"covered_lines": 0, "num_statements": 38, "percent_covered": 0.0, "percent_covered_display": "0", "missing_lines": 38, "excluded_lines": 0}, "missing_lines": [49, 51, 54, 57, 59, 60, 63, 68, 69, 71, 72, 73, 74, 75, 76, 77, 78, 79, 82, 83, 86, 88, 89, 90, 91, 93, 94, 95, 98, 99, 100, 101, 102, 103, 104, 108, 109, 110], "excluded_lines": []}, "CreateWorkOrderUseCase._validate_params": {"executed_lines": [], "summary": {"covered_lines": 0, "num_statements": 21, "percent_covered": 0.0, "percent_covered_display": "0", "missing_lines": 21, "excluded_lines": 0}, "missing_lines": [123, 124, 129, 132, 135, 136, 137, 142, 143, 146, 147, 150, 151, 153, 154, 157, 158, 162, 163, 166, 167], "excluded_lines": []}, "CreateWorkOrderUseCase._build_payload": {"executed_lines": [], "summary": {"covered_lines": 0, "num_statements": 36, "percent_covered": 0.0, "percent_covered_display": "0", "missing_lines": 36, "excluded_lines": 0}, "missing_lines": [180, 181, 182, 185, 192, 194, 205, 206, 207, 208, 209, 211, 212, 214, 215, 219, 220, 222, 223, 225, 226, 228, 229, 231, 232, 234, 235, 237, 238, 240, 241, 243, 244, 247, 248, 254], "excluded_lines": []}, "CreateWorkOrderUseCase._is_valid_iso8601_date": {"executed_lines": [], "summary": {"covered_lines": 0, "num_statements": 5, "percent_covered": 0.0, "percent_covered_display": "0", "missing_lines": 5, "excluded_lines": 0}, "missing_lines": [266, 268, 269, 270, 271], "excluded_lines": []}, "": {"executed_lines": [1, 8, 9, 11, 12, 17, 26, 27, 29, 33, 112, 169, 256], "summary": {"covered_lines": 11, "num_statements": 11, "percent_covered": 100.0, "percent_covered_display": "100", "missing_lines": 0, "excluded_lines": 0}, "missing_lines": [], "excluded_lines": []}}, "classes": {"CreateWorkOrderUseCase": {"executed_lines": [], "summary": {"covered_lines": 0, "num_statements": 101, "percent_covered": 0.0, "percent_covered_display": "0", "missing_lines": 101, "excluded_lines": 0}, "missing_lines": [31, 49, 51, 54, 57, 59, 60, 63, 68, 69, 71, 72, 73, 74, 75, 76, 77, 78, 79, 82, 83, 86, 88, 89, 90, 91, 93, 94, 95, 98, 99, 100, 101, 102, 103, 104, 108, 109, 110, 123, 124, 129, 132, 135, 136, 137, 142, 143, 146, 147, 150, 151, 153, 154, 157, 158, 162, 163, 166, 167, 180, 181, 182, 185, 192, 194, 205, 206, 207, 208, 209, 211, 212, 214, 215, 219, 220, 222, 223, 225, 226, 228, 229, 231, 232, 234, 235, 237, 238, 240, 241, 243, 244, 247, 248, 254, 266, 268, 269, 270, 271], "excluded_lines": []}, "": {"executed_lines": [1, 8, 9, 11, 12, 17, 26, 27, 29, 33, 112, 169, 256], "summary": {"covered_lines": 11, "num_statements": 11, "percent_covered": 100.0, "percent_covered_display": "100", "missing_lines": 0, "excluded_lines": 0}, "missing_lines": [], "excluded_lines": []}}}, "src\\trackhs_mcp\\application\\use_cases\\get_folio.py": {"executed_lines": [1, 6, 8, 11, 12, 13, 16, 17, 19, 22, 23], "summary": {"covered_lines": 7, "num_statements": 42, "percent_covered": 16.666666666666668, "percent_covered_display": "17", "missing_lines": 35, "excluded_lines": 3}, "missing_lines": [20, 39, 40, 46, 47, 48, 50, 52, 53, 54, 55, 60, 62, 65, 68, 69, 75, 76, 78, 79, 80, 81, 87, 89, 91, 93, 94, 95, 101, 102, 108, 109, 114, 115, 122], "excluded_lines": [6, 8, 9], "functions": {"GetFolioUseCase.__init__": {"executed_lines": [], "summary": {"covered_lines": 0, "num_statements": 1, "percent_covered": 0.0, "percent_covered_display": "0", "missing_lines": 1, "excluded_lines": 0}, "missing_lines": [20], "excluded_lines": []}, "GetFolioUseCase.execute": {"executed_lines": [], "summary": {"covered_lines": 0, "num_statements": 34, "percent_covered": 0.0, "percent_covered_display": "0", "missing_lines": 34, "excluded_lines": 0}, "missing_lines": [39, 40, 46, 47, 48, 50, 52, 53, 54, 55, 60, 62, 65, 68, 69, 75, 76, 78, 79, 80, 81, 87, 89, 91, 93, 94, 95, 101, 102, 108, 109, 114, 115, 122], "excluded_lines": []}, "": {"executed_lines": [1, 6, 8, 11, 12, 13, 16, 17, 19, 22, 23], "summary": {"covered_lines": 7, "num_statements": 7, "percent_covered": 100.0, "percent_covered_display": "100", "missing_lines": 0, "excluded_lines": 3}, "missing_lines": [], "excluded_lines": [6, 8, 9]}}, "classes": {"GetFolioUseCase": {"executed_lines": [], "summary": {"covered_lines": 0, "num_statements": 35, "percent_covered": 0.0, "percent_covered_display": "0", "missing_lines": 35, "excluded_lines": 0}, "missing_lines": [20, 39, 40, 46, 47, 48, 50, 52, 53, 54, 55, 60, 62, 65, 68, 69, 75, 76, 78, 79, 80, 81, 87, 89, 91, 93, 94, 95, 101, 102, 108, 109, 114, 115, 122], "excluded_lines": []}, "": {"executed_lines": [1, 6, 8, 11, 12, 13, 16, 17, 19, 22, 23], "summary": {"covered_lines": 7, "num_statements": 7, "percent_covered": 100.0, "percent_covered_display": "100", "missing_lines": 0, "excluded_lines": 3}, "missing_lines": [], "excluded_lines": [6, 8, 9]}}}, "src\\trackhs_mcp\\application\\use_cases\\get_reservation.py": {"executed_lines": [1, 6, 8, 11, 12, 13, 16, 17, 19, 22, 23], "summary": {"covered_lines": 7, "num_statements": 36, "percent_covered": 19.444444444444443, "percent_covered_display": "19", "missing_lines": 29, "excluded_lines": 3}, "missing_lines": [20, 39, 40, 46, 47, 52, 54, 57, 60, 61, 67, 68, 70, 71, 72, 73, 79, 81, 83, 85, 86, 87, 93, 94, 100, 101, 106, 107, 114], "excluded_lines": [6, 8, 9], "functions": {"GetReservationUseCase.__init__": {"executed_lines": [], "summary": {"covered_lines": 0, "num_statements": 1, "percent_covered": 0.0, "percent_covered_display": "0", "missing_lines": 1, "excluded_lines": 0}, "missing_lines": [20], "excluded_lines": []}, "GetReservationUseCase.execute": {"executed_lines": [], "summary": {"covered_lines": 0, "num_statements": 28, "percent_covered": 0.0, "percent_covered_display": "0", "missing_lines": 28, "excluded_lines": 0}, "missing_lines": [39, 40, 46, 47, 52, 54, 57, 60, 61, 67, 68, 70, 71, 72, 73, 79, 81, 83, 85, 86, 87, 93, 94, 100, 101, 106, 107, 114], "excluded_lines": []}, "": {"executed_lines": [1, 6, 8, 11, 12, 13, 16, 17, 19, 22, 23], "summary": {"covered_lines": 7, "num_statements": 7, "percent_covered": 100.0, "percent_covered_display": "100", "missing_lines": 0, "excluded_lines": 3}, "missing_lines": [], "excluded_lines": [6, 8, 9]}}, "classes": {"GetReservationUseCase": {"executed_lines": [], "summary": {"covered_lines": 0, "num_statements": 29, "percent_covered": 0.0, "percent_covered_display": "0", "missing_lines": 29, "excluded_lines": 0}, "missing_lines": [20, 39, 40, 46, 47, 52, 54, 57, 60, 61, 67, 68, 70, 71, 72, 73, 79, 81, 83, 85, 86, 87, 93, 94, 100, 101, 106, 107, 114], "excluded_lines": []}, "": {"executed_lines": [1, 6, 8, 11, 12, 13, 16, 17, 19, 22, 23], "summary": {"covered_lines": 7, "num_statements": 7, "percent_covered": 100.0, "percent_covered_display": "100", "missing_lines": 0, "excluded_lines": 3}, "missing_lines": [], "excluded_lines": [6, 8, 9]}}}, "src\\trackhs_mcp\\application\\use_cases\\search_amenities.py": {"executed_lines": [1, 11, 13, 14, 16, 20, 21, 23, 26, 98, 150, 182, 196, 280], "summary": {"covered_lines": 10, "num_statements": 143, "percent_covered": 6.993006993006993, "percent_covered_display": "7", "missing_lines": 133, "excluded_lines": 3}, "missing_lines": [24, 40, 43, 46, 48, 51, 52, 53, 54, 55, 56, 59, 60, 61, 62, 63, 64, 65, 66, 68, 73, 76, 77, 78, 80, 81, 82, 83, 86, 89, 92, 96, 101, 102, 103, 104, 106, 107, 108, 109, 112, 120, 121, 126, 127, 130, 136, 137, 138, 141, 142, 147, 148, 152, 155, 156, 157, 158, 161, 162, 165, 166, 169, 170, 173, 174, 175, 176, 177, 178, 180, 185, 186, 188, 189, 190, 191, 194, 198, 206, 207, 208, 209, 210, 211, 212, 213, 214, 215, 216, 217, 218, 219, 220, 221, 222, 223, 224, 225, 226, 227, 230, 231, 264, 265, 273, 274, 275, 276, 278, 284, 292, 302, 303, 311, 312, 315, 316, 319, 320, 323, 324, 327, 328, 331, 332, 335, 336, 339, 340, 343, 344, 348], "excluded_lines": [11, 16, 17], "functions": {"SearchAmenitiesUseCase.__init__": {"executed_lines": [], "summary": {"covered_lines": 0, "num_statements": 1, "percent_covered": 0.0, "percent_covered_display": "0", "missing_lines": 1, "excluded_lines": 0}, "missing_lines": [24], "excluded_lines": []}, "SearchAmenitiesUseCase.execute": {"executed_lines": [], "summary": {"covered_lines": 0, "num_statements": 31, "percent_covered": 0.0, "percent_covered_display": "0", "missing_lines": 31, "excluded_lines": 0}, "missing_lines": [40, 43, 46, 48, 51, 52, 53, 54, 55, 56, 59, 60, 61, 62, 63, 64, 65, 66, 68, 73, 76, 77, 78, 80, 81, 82, 83, 86, 89, 92, 96], "excluded_lines": []}, "SearchAmenitiesUseCase._validate_params": {"executed_lines": [], "summary": {"covered_lines": 0, "num_statements": 21, "percent_covered": 0.0, "percent_covered_display": "0", "missing_lines": 21, "excluded_lines": 0}, "missing_lines": [101, 102, 103, 104, 106, 107, 108, 109, 112, 120, 121, 126, 127, 130, 136, 137, 138, 141, 142, 147, 148], "excluded_lines": []}, "SearchAmenitiesUseCase._build_request_params": {"executed_lines": [], "summary": {"covered_lines": 0, "num_statements": 18, "percent_covered": 0.0, "percent_covered_display": "0", "missing_lines": 18, "excluded_lines": 0}, "missing_lines": [152, 155, 156, 157, 158, 161, 162, 165, 166, 169, 170, 173, 174, 175, 176, 177, 178, 180], "excluded_lines": []}, "SearchAmenitiesUseCase._process_response": {"executed_lines": [], "summary": {"covered_lines": 0, "num_statements": 7, "percent_covered": 0.0, "percent_covered_display": "0", "missing_lines": 7, "excluded_lines": 0}, "missing_lines": [185, 186, 188, 189, 190, 191, 194], "excluded_lines": []}, "SearchAmenitiesUseCase._get_business_context": {"executed_lines": [], "summary": {"covered_lines": 0, "num_statements": 32, "percent_covered": 0.0, "percent_covered_display": "0", "missing_lines": 32, "excluded_lines": 0}, "missing_lines": [198, 206, 207, 208, 209, 210, 211, 212, 213, 214, 215, 216, 217, 218, 219, 220, 221, 222, 223, 224, 225, 226, 227, 230, 231, 264, 265, 273, 274, 275, 276, 278], "excluded_lines": []}, "SearchAmenitiesUseCase._analyze_business_impact": {"executed_lines": [], "summary": {"covered_lines": 0, "num_statements": 23, "percent_covered": 0.0, "percent_covered_display": "0", "missing_lines": 23, "excluded_lines": 0}, "missing_lines": [284, 292, 302, 303, 311, 312, 315, 316, 319, 320, 323, 324, 327, 328, 331, 332, 335, 336, 339, 340, 343, 344, 348], "excluded_lines": []}, "": {"executed_lines": [1, 11, 13, 14, 16, 20, 21, 23, 26, 98, 150, 182, 196, 280], "summary": {"covered_lines": 10, "num_statements": 10, "percent_covered": 100.0, "percent_covered_display": "100", "missing_lines": 0, "excluded_lines": 3}, "missing_lines": [], "excluded_lines": [11, 16, 17]}}, "classes": {"SearchAmenitiesUseCase": {"executed_lines": [], "summary": {"covered_lines": 0, "num_statements": 133, "percent_covered": 0.0, "percent_covered_display": "0", "missing_lines": 133, "excluded_lines": 0}, "missing_lines": [24, 40, 43, 46, 48, 51, 52, 53, 54, 55, 56, 59, 60, 61, 62, 63, 64, 65, 66, 68, 73, 76, 77, 78, 80, 81, 82, 83, 86, 89, 92, 96, 101, 102, 103, 104, 106, 107, 108, 109, 112, 120, 121, 126, 127, 130, 136, 137, 138, 141, 142, 147, 148, 152, 155, 156, 157, 158, 161, 162, 165, 166, 169, 170, 173, 174, 175, 176, 177, 178, 180, 185, 186, 188, 189, 190, 191, 194, 198, 206, 207, 208, 209, 210, 211, 212, 213, 214, 215, 216, 217, 218, 219, 220, 221, 222, 223, 224, 225, 226, 227, 230, 231, 264, 265, 273, 274, 275, 276, 278, 284, 292, 302, 303, 311, 312, 315, 316, 319, 320, 323, 324, 327, 328, 331, 332, 335, 336, 339, 340, 343, 344, 348], "excluded_lines": []}, "": {"executed_lines": [1, 11, 13, 14, 16, 20, 21, 23, 26, 98, 150, 182, 196, 280], "summary": {"covered_lines": 10, "num_statements": 10, "percent_covered": 100.0, "percent_covered_display": "100", "missing_lines": 0, "excluded_lines": 3}, "missing_lines": [], "excluded_lines": [11, 16, 17]}}}, "src\\trackhs_mcp\\application\\use_cases\\search_reservations.py": {"executed_lines": [1, 5, 7, 8, 10, 14, 15, 17, 20, 50, 63, 141, 147, 153], "summary": {"covered_lines": 10, "num_statements": 95, "percent_covered": 10.526315789473685, "percent_covered_display": "11", "missing_lines": 85, "excluded_lines": 3}, "missing_lines": [18, 34, 37, 40, 42, 43, 48, 52, 53, 55, 56, 59, 60, 61, 65, 68, 69, 70, 71, 74, 75, 76, 77, 80, 81, 82, 83, 86, 87, 88, 89, 90, 91, 94, 95, 96, 97, 98, 99, 100, 101, 102, 103, 104, 105, 106, 107, 110, 111, 114, 115, 116, 117, 118, 119, 120, 121, 122, 123, 128, 129, 130, 131, 132, 133, 134, 135, 136, 137, 139, 143, 144, 145, 149, 150, 151, 156, 157, 158, 160, 161, 162, 165, 166, 169], "excluded_lines": [5, 10, 11], "functions": {"SearchReservationsUseCase.__init__": {"executed_lines": [], "summary": {"covered_lines": 0, "num_statements": 1, "percent_covered": 0.0, "percent_covered_display": "0", "missing_lines": 1, "excluded_lines": 0}, "missing_lines": [18], "excluded_lines": []}, "SearchReservationsUseCase.execute": {"executed_lines": [], "summary": {"covered_lines": 0, "num_statements": 6, "percent_covered": 0.0, "percent_covered_display": "0", "missing_lines": 6, "excluded_lines": 0}, "missing_lines": [34, 37, 40, 42, 43, 48], "excluded_lines": []}, "SearchReservationsUseCase._validate_params": {"executed_lines": [], "summary": {"covered_lines": 0, "num_statements": 7, "percent_covered": 0.0, "percent_covered_display": "0", "missing_lines": 7, "excluded_lines": 0}, "missing_lines": [52, 53, 55, 56, 59, 60, 61], "excluded_lines": []}, "SearchReservationsUseCase._build_request_params": {"executed_lines": [], "summary": {"covered_lines": 0, "num_statements": 56, "percent_covered": 0.0, "percent_covered_display": "0", "missing_lines": 56, "excluded_lines": 0}, "missing_lines": [65, 68, 69, 70, 71, 74, 75, 76, 77, 80, 81, 82, 83, 86, 87, 88, 89, 90, 91, 94, 95, 96, 97, 98, 99, 100, 101, 102, 103, 104, 105, 106, 107, 110, 111, 114, 115, 116, 117, 118, 119, 120, 121, 122, 123, 128, 129, 130, 131, 132, 133, 134, 135, 136, 137, 139], "excluded_lines": []}, "SearchReservationsUseCase._format_id_list": {"executed_lines": [], "summary": {"covered_lines": 0, "num_statements": 3, "percent_covered": 0.0, "percent_covered_display": "0", "missing_lines": 3, "excluded_lines": 0}, "missing_lines": [143, 144, 145], "excluded_lines": []}, "SearchReservationsUseCase._format_status_list": {"executed_lines": [], "summary": {"covered_lines": 0, "num_statements": 3, "percent_covered": 0.0, "percent_covered_display": "0", "missing_lines": 3, "excluded_lines": 0}, "missing_lines": [149, 150, 151], "excluded_lines": []}, "SearchReservationsUseCase._process_response": {"executed_lines": [], "summary": {"covered_lines": 0, "num_statements": 9, "percent_covered": 0.0, "percent_covered_display": "0", "missing_lines": 9, "excluded_lines": 0}, "missing_lines": [156, 157, 158, 160, 161, 162, 165, 166, 169], "excluded_lines": []}, "": {"executed_lines": [1, 5, 7, 8, 10, 14, 15, 17, 20, 50, 63, 141, 147, 153], "summary": {"covered_lines": 10, "num_statements": 10, "percent_covered": 100.0, "percent_covered_display": "100", "missing_lines": 0, "excluded_lines": 3}, "missing_lines": [], "excluded_lines": [5, 10, 11]}}, "classes": {"SearchReservationsUseCase": {"executed_lines": [], "summary": {"covered_lines": 0, "num_statements": 85, "percent_covered": 0.0, "percent_covered_display": "0", "missing_lines": 85, "excluded_lines": 0}, "missing_lines": [18, 34, 37, 40, 42, 43, 48, 52, 53, 55, 56, 59, 60, 61, 65, 68, 69, 70, 71, 74, 75, 76, 77, 80, 81, 82, 83, 86, 87, 88, 89, 90, 91, 94, 95, 96, 97, 98, 99, 100, 101, 102, 103, 104, 105, 106, 107, 110, 111, 114, 115, 116, 117, 118, 119, 120, 121, 122, 123, 128, 129, 130, 131, 132, 133, 134, 135, 136, 137, 139, 143, 144, 145, 149, 150, 151, 156, 157, 158, 160, 161, 162, 165, 166, 169], "excluded_lines": []}, "": {"executed_lines": [1, 5, 7, 8, 10, 14, 15, 17, 20, 50, 63, 141, 147, 153], "summary": {"covered_lines": 10, "num_statements": 10, "percent_covered": 100.0, "percent_covered_display": "100", "missing_lines": 0, "excluded_lines": 3}, "missing_lines": [], "excluded_lines": [5, 10, 11]}}}, "src\\trackhs_mcp\\application\\use_cases\\search_units.py": {"executed_lines": [1, 5, 7, 8, 10, 14, 15, 17, 20, 55, 115, 209, 217], "summary": {"covered_lines": 9, "num_statements": 133, "percent_covered": 6.7669172932330826, "percent_covered_display": "7", "missing_lines": 124, "excluded_lines": 3}, "missing_lines": [18, 34, 37, 40, 42, 43, 44, 45, 46, 50, 53, 58, 59, 60, 61, 63, 64, 65, 66, 70, 71, 72, 73, 74, 75, 78, 79, 80, 83, 84, 89, 94, 95, 99, 100, 105, 110, 111, 117, 120, 121, 122, 123, 126, 127, 130, 131, 132, 133, 134, 135, 136, 137, 140, 141, 142, 143, 144, 145, 146, 147, 148, 149, 150, 151, 154, 155, 156, 157, 158, 159, 160, 161, 162, 163, 164, 165, 168, 169, 170, 171, 172, 173, 174, 175, 176, 177, 178, 179, 180, 181, 182, 183, 184, 185, 186, 187, 188, 189, 190, 191, 194, 195, 196, 197, 198, 199, 200, 201, 204, 205, 207, 211, 212, 213, 214, 215, 220, 221, 223, 224, 225, 226, 229], "excluded_lines": [5, 10, 11], "functions": {"SearchUnitsUseCase.__init__": {"executed_lines": [], "summary": {"covered_lines": 0, "num_statements": 1, "percent_covered": 0.0, "percent_covered_display": "0", "missing_lines": 1, "excluded_lines": 0}, "missing_lines": [18], "excluded_lines": []}, "SearchUnitsUseCase.execute": {"executed_lines": [], "summary": {"covered_lines": 0, "num_statements": 10, "percent_covered": 0.0, "percent_covered_display": "0", "missing_lines": 10, "excluded_lines": 0}, "missing_lines": [34, 37, 40, 42, 43, 44, 45, 46, 50, 53], "excluded_lines": []}, "SearchUnitsUseCase._validate_params": {"executed_lines": [], "summary": {"covered_lines": 0, "num_statements": 27, "percent_covered": 0.0, "percent_covered_display": "0", "missing_lines": 27, "excluded_lines": 0}, "missing_lines": [58, 59, 60, 61, 63, 64, 65, 66, 70, 71, 72, 73, 74, 75, 78, 79, 80, 83, 84, 89, 94, 95, 99, 100, 105, 110, 111], "excluded_lines": []}, "SearchUnitsUseCase._build_request_params": {"executed_lines": [], "summary": {"covered_lines": 0, "num_statements": 74, "percent_covered": 0.0, "percent_covered_display": "0", "missing_lines": 74, "excluded_lines": 0}, "missing_lines": [117, 120, 121, 122, 123, 126, 127, 130, 131, 132, 133, 134, 135, 136, 137, 140, 141, 142, 143, 144, 145, 146, 147, 148, 149, 150, 151, 154, 155, 156, 157, 158, 159, 160, 161, 162, 163, 164, 165, 168, 169, 170, 171, 172, 173, 174, 175, 176, 177, 178, 179, 180, 181, 182, 183, 184, 185, 186, 187, 188, 189, 190, 191, 194, 195, 196, 197, 198, 199, 200, 201, 204, 205, 207], "excluded_lines": []}, "SearchUnitsUseCase._format_id_list": {"executed_lines": [], "summary": {"covered_lines": 0, "num_statements": 5, "percent_covered": 0.0, "percent_covered_display": "0", "missing_lines": 5, "excluded_lines": 0}, "missing_lines": [211, 212, 213, 214, 215], "excluded_lines": []}, "SearchUnitsUseCase._process_response": {"executed_lines": [], "summary": {"covered_lines": 0, "num_statements": 7, "percent_covered": 0.0, "percent_covered_display": "0", "missing_lines": 7, "excluded_lines": 0}, "missing_lines": [220, 221, 223, 224, 225, 226, 229], "excluded_lines": []}, "": {"executed_lines": [1, 5, 7, 8, 10, 14, 15, 17, 20, 55, 115, 209, 217], "summary": {"covered_lines": 9, "num_statements": 9, "percent_covered": 100.0, "percent_covered_display": "100", "missing_lines": 0, "excluded_lines": 3}, "missing_lines": [], "excluded_lines": [5, 10, 11]}}, "classes": {"SearchUnitsUseCase": {"executed_lines": [], "summary": {"covered_lines": 0, "num_statements": 124, "percent_covered": 0.0, "percent_covered_display": "0", "missing_lines": 124, "excluded_lines": 0}, "missing_lines": [18, 34, 37, 40, 42, 43, 44, 45, 46, 50, 53, 58, 59, 60, 61, 63, 64, 65, 66, 70, 71, 72, 73, 74, 75, 78, 79, 80, 83, 84, 89, 94, 95, 99, 100, 105, 110, 111, 117, 120, 121, 122, 123, 126, 127, 130, 131, 132, 133, 134, 135, 136, 137, 140, 141, 142, 143, 144, 145, 146, 147, 148, 149, 150, 151, 154, 155, 156, 157, 158, 159, 160, 161, 162, 163, 164, 165, 168, 169, 170, 171, 172, 173, 174, 175, 176, 177, 178, 179, 180, 181, 182, 183, 184, 185, 186, 187, 188, 189, 190, 191, 194, 195, 196, 197, 198, 199, 200, 201, 204, 205, 207, 211, 212, 213, 214, 215, 220, 221, 223, 224, 225, 226, 229], "excluded_lines": []}, "": {"executed_lines": [1, 5, 7, 8, 10, 14, 15, 17, 20, 55, 115, 209, 217], "summary": {"covered_lines": 9, "num_statements": 9, "percent_covered": 100.0, "percent_covered_display": "100", "missing_lines": 0, "excluded_lines": 3}, "missing_lines": [], "excluded_lines": [5, 10, 11]}}}, "src\\trackhs_mcp\\domain\\__init__.py": {"executed_lines": [1], "summary": {"covered_lines": 0, "num_statements": 0, "percent_covered": 100.0, "percent_covered_display": "100", "missing_lines": 0, "excluded_lines": 0}, "missing_lines": [], "excluded_lines": [], "functions": {"": {"executed_lines": [1], "summary": {"covered_lines": 0, "num_statements": 0, "percent_covered": 100.0, "percent_covered_display": "100", "missing_lines": 0, "excluded_lines": 0}, "missing_lines": [], "excluded_lines": []}}, "classes": {"": {"executed_lines": [1], "summary": {"covered_lines": 0, "num_statements": 0, "percent_covered": 100.0, "percent_covered_display": "100", "missing_lines": 0, "excluded_lines": 0}, "missing_lines": [], "excluded_lines": []}}}, "src\\trackhs_mcp\\domain\\entities\\__init__.py": {"executed_lines": [1], "summary": {"covered_lines": 0, "num_statements": 0, "percent_covered": 100.0, "percent_covered_display": "100", "missing_lines": 0, "excluded_lines": 0}, "missing_lines": [], "excluded_lines": [], "functions": {"": {"executed_lines": [1], "summary": {"covered_lines": 0, "num_statements": 0, "percent_covered": 100.0, "percent_covered_display": "100", "missing_lines": 0, "excluded_lines": 0}, "missing_lines": [], "excluded_lines": []}}, "classes": {"": {"executed_lines": [1], "summary": {"covered_lines": 0, "num_statements": 0, "percent_covered": 100.0, "percent_covered_display": "100", "missing_lines": 0, "excluded_lines": 0}, "missing_lines": [], "excluded_lines": []}}}, "src\\trackhs_mcp\\domain\\entities\\amenities.py": {"executed_lines": [1, 6, 8, 10, 13, 14, 16, 17, 20, 21, 23, 24, 25, 26, 27, 30, 33, 36, 39, 44, 45, 47, 52, 55, 56, 57, 60, 63, 68, 69, 71, 73, 76, 77, 78, 79, 80, 83, 84, 86, 89, 90, 92, 93, 94, 97, 98, 100, 101, 102, 105, 106], "summary": {"covered_lines": 44, "num_statements": 44, "percent_covered": 100.0, "percent_covered_display": "100", "missing_lines": 0, "excluded_lines": 0}, "missing_lines": [], "excluded_lines": [], "functions": {"": {"executed_lines": [1, 6, 8, 10, 13, 14, 16, 17, 20, 21, 23, 24, 25, 26, 27, 30, 33, 36, 39, 44, 45, 47, 52, 55, 56, 57, 60, 63, 68, 69, 71, 73, 76, 77, 78, 79, 80, 83, 84, 86, 89, 90, 92, 93, 94, 97, 98, 100, 101, 102, 105, 106], "summary": {"covered_lines": 44, "num_statements": 44, "percent_covered": 100.0, "percent_covered_display": "100", "missing_lines": 0, "excluded_lines": 0}, "missing_lines": [], "excluded_lines": []}}, "classes": {"AmenityGroup": {"executed_lines": [], "summary": {"covered_lines": 0, "num_statements": 0, "percent_covered": 100.0, "percent_covered_display": "100", "missing_lines": 0, "excluded_lines": 0}, "missing_lines": [], "excluded_lines": []}, "UnitAmenity": {"executed_lines": [], "summary": {"covered_lines": 0, "num_statements": 0, "percent_covered": 100.0, "percent_covered_display": "100", "missing_lines": 0, "excluded_lines": 0}, "missing_lines": [], "excluded_lines": []}, "SearchAmenitiesParams": {"executed_lines": [], "summary": {"covered_lines": 0, "num_statements": 0, "percent_covered": 100.0, "percent_covered_display": "100", "missing_lines": 0, "excluded_lines": 0}, "missing_lines": [], "excluded_lines": []}, "SearchAmenitiesResponse": {"executed_lines": [], "summary": {"covered_lines": 0, "num_statements": 0, "percent_covered": 100.0, "percent_covered_display": "100", "missing_lines": 0, "excluded_lines": 0}, "missing_lines": [], "excluded_lines": []}, "GetAmenityParams": {"executed_lines": [], "summary": {"covered_lines": 0, "num_statements": 0, "percent_covered": 100.0, "percent_covered_display": "100", "missing_lines": 0, "excluded_lines": 0}, "missing_lines": [], "excluded_lines": []}, "AmenityResponse": {"executed_lines": [], "summary": {"covered_lines": 0, "num_statements": 0, "percent_covered": 100.0, "percent_covered_display": "100", "missing_lines": 0, "excluded_lines": 0}, "missing_lines": [], "excluded_lines": []}, "AmenityFilters": {"executed_lines": [], "summary": {"covered_lines": 0, "num_statements": 0, "percent_covered": 100.0, "percent_covered_display": "100", "missing_lines": 0, "excluded_lines": 0}, "missing_lines": [], "excluded_lines": []}, "": {"executed_lines": [1, 6, 8, 10, 13, 14, 16, 17, 20, 21, 23, 24, 25, 26, 27, 30, 33, 36, 39, 44, 45, 47, 52, 55, 56, 57, 60, 63, 68, 69, 71, 73, 76, 77, 78, 79, 80, 83, 84, 86, 89, 90, 92, 93, 94, 97, 98, 100, 101, 102, 105, 106], "summary": {"covered_lines": 44, "num_statements": 44, "percent_covered": 100.0, "percent_covered_display": "100", "missing_lines": 0, "excluded_lines": 0}, "missing_lines": [], "excluded_lines": []}}}, "src\\trackhs_mcp\\domain\\entities\\base.py": {"executed_lines": [1, 5, 7, 10, 11, 13, 18, 24, 25, 30, 31, 33, 34, 39, 40, 42, 43, 44, 45], "summary": {"covered_lines": 15, "num_statements": 15, "percent_covered": 100.0, "percent_covered_display": "100", "missing_lines": 0, "excluded_lines": 0}, "missing_lines": [], "excluded_lines": [], "functions": {"": {"executed_lines": [1, 5, 7, 10, 11, 13, 18, 24, 25, 30, 31, 33, 34, 39, 40, 42, 43, 44, 45], "summary": {"covered_lines": 15, "num_statements": 15, "percent_covered": 100.0, "percent_covered_display": "100", "missing_lines": 0, "excluded_lines": 0}, "missing_lines": [], "excluded_lines": []}}, "classes": {"PaginationParams": {"executed_lines": [], "summary": {"covered_lines": 0, "num_statements": 0, "percent_covered": 100.0, "percent_covered_display": "100", "missing_lines": 0, "excluded_lines": 0}, "missing_lines": [], "excluded_lines": []}, "SearchParams": {"executed_lines": [], "summary": {"covered_lines": 0, "num_statements": 0, "percent_covered": 100.0, "percent_covered_display": "100", "missing_lines": 0, "excluded_lines": 0}, "missing_lines": [], "excluded_lines": []}, "TrackHSResponse": {"executed_lines": [], "summary": {"covered_lines": 0, "num_statements": 0, "percent_covered": 100.0, "percent_covered_display": "100", "missing_lines": 0, "excluded_lines": 0}, "missing_lines": [], "excluded_lines": []}, "": {"executed_lines": [1, 5, 7, 10, 11, 13, 18, 24, 25, 30, 31, 33, 34, 39, 40, 42, 43, 44, 45], "summary": {"covered_lines": 15, "num_statements": 15, "percent_covered": 100.0, "percent_covered_display": "100", "missing_lines": 0, "excluded_lines": 0}, "missing_lines": [], "excluded_lines": []}}}, "src\\trackhs_mcp\\domain\\entities\\folios.py": {"executed_lines": [1, 6, 8, 11, 12, 14, 15, 18, 19, 21, 22, 23, 24, 27, 30, 33, 36, 39, 42, 43, 46, 47, 50, 51, 52, 55, 56, 57, 60, 61, 64, 65, 68, 69, 72, 75, 78, 81, 86, 87, 89, 90, 93, 94, 97, 100, 103, 104, 105, 106, 107, 110, 113, 114, 115, 116, 117, 118, 119, 120, 123, 126, 129, 134, 135, 137, 138, 139, 140, 141, 142, 145, 148, 153, 156, 159, 162, 167, 170, 173, 178, 181, 184, 187, 192, 193, 195, 196, 197, 200, 203, 206, 209, 212, 215, 218, 221, 224, 227, 228, 230, 231, 234, 235, 237, 238, 241, 242, 245, 250, 251, 253, 256, 257, 260, 263, 266, 269, 272, 275, 278, 281, 284, 287, 290, 291, 296, 299, 304, 307, 310, 313, 316, 321, 326, 331, 334, 337, 340, 345, 348, 353, 354, 356], "summary": {"covered_lines": 134, "num_statements": 134, "percent_covered": 100.0, "percent_covered_display": "100", "missing_lines": 0, "excluded_lines": 0}, "missing_lines": [], "excluded_lines": [], "functions": {"": {"executed_lines": [1, 6, 8, 11, 12, 14, 15, 18, 19, 21, 22, 23, 24, 27, 30, 33, 36, 39, 42, 43, 46, 47, 50, 51, 52, 55, 56, 57, 60, 61, 64, 65, 68, 69, 72, 75, 78, 81, 86, 87, 89, 90, 93, 94, 97, 100, 103, 104, 105, 106, 107, 110, 113, 114, 115, 116, 117, 118, 119, 120, 123, 126, 129, 134, 135, 137, 138, 139, 140, 141, 142, 145, 148, 153, 156, 159, 162, 167, 170, 173, 178, 181, 184, 187, 192, 193, 195, 196, 197, 200, 203, 206, 209, 212, 215, 218, 221, 224, 227, 228, 230, 231, 234, 235, 237, 238, 241, 242, 245, 250, 251, 253, 256, 257, 260, 263, 266, 269, 272, 275, 278, 281, 284, 287, 290, 291, 296, 299, 304, 307, 310, 313, 316, 321, 326, 331, 334, 337, 340, 345, 348, 353, 354, 356], "summary": {"covered_lines": 134, "num_statements": 134, "percent_covered": 100.0, "percent_covered_display": "100", "missing_lines": 0, "excluded_lines": 0}, "missing_lines": [], "excluded_lines": []}}, "classes": {"Tag": {"executed_lines": [], "summary": {"covered_lines": 0, "num_statements": 0, "percent_covered": 100.0, "percent_covered_display": "100", "missing_lines": 0, "excluded_lines": 0}, "missing_lines": [], "excluded_lines": []}, "Contact": {"executed_lines": [], "summary": {"covered_lines": 0, "num_statements": 0, "percent_covered": 100.0, "percent_covered_display": "100", "missing_lines": 0, "excluded_lines": 0}, "missing_lines": [], "excluded_lines": []}, "Company": {"executed_lines": [], "summary": {"covered_lines": 0, "num_statements": 0, "percent_covered": 100.0, "percent_covered_display": "100", "missing_lines": 0, "excluded_lines": 0}, "missing_lines": [], "excluded_lines": []}, "FolioRule": {"executed_lines": [], "summary": {"covered_lines": 0, "num_statements": 0, "percent_covered": 100.0, "percent_covered_display": "100", "missing_lines": 0, "excluded_lines": 0}, "missing_lines": [], "excluded_lines": []}, "MasterFolioRule": {"executed_lines": [], "summary": {"covered_lines": 0, "num_statements": 0, "percent_covered": 100.0, "percent_covered_display": "100", "missing_lines": 0, "excluded_lines": 0}, "missing_lines": [], "excluded_lines": []}, "FolioLinks": {"executed_lines": [], "summary": {"covered_lines": 0, "num_statements": 0, "percent_covered": 100.0, "percent_covered_display": "100", "missing_lines": 0, "excluded_lines": 0}, "missing_lines": [], "excluded_lines": []}, "FolioEmbedded": {"executed_lines": [], "summary": {"covered_lines": 0, "num_statements": 0, "percent_covered": 100.0, "percent_covered_display": "100", "missing_lines": 0, "excluded_lines": 0}, "missing_lines": [], "excluded_lines": []}, "Folio": {"executed_lines": [], "summary": {"covered_lines": 0, "num_statements": 0, "percent_covered": 100.0, "percent_covered_display": "100", "missing_lines": 0, "excluded_lines": 0}, "missing_lines": [], "excluded_lines": []}, "GetFolioParams": {"executed_lines": [], "summary": {"covered_lines": 0, "num_statements": 0, "percent_covered": 100.0, "percent_covered_display": "100", "missing_lines": 0, "excluded_lines": 0}, "missing_lines": [], "excluded_lines": []}, "": {"executed_lines": [1, 6, 8, 11, 12, 14, 15, 18, 19, 21, 22, 23, 24, 27, 30, 33, 36, 39, 42, 43, 46, 47, 50, 51, 52, 55, 56, 57, 60, 61, 64, 65, 68, 69, 72, 75, 78, 81, 86, 87, 89, 90, 93, 94, 97, 100, 103, 104, 105, 106, 107, 110, 113, 114, 115, 116, 117, 118, 119, 120, 123, 126, 129, 134, 135, 137, 138, 139, 140, 141, 142, 145, 148, 153, 156, 159, 162, 167, 170, 173, 178, 181, 184, 187, 192, 193, 195, 196, 197, 200, 203, 206, 209, 212, 215, 218, 221, 224, 227, 228, 230, 231, 234, 235, 237, 238, 241, 242, 245, 250, 251, 253, 256, 257, 260, 263, 266, 269, 272, 275, 278, 281, 284, 287, 290, 291, 296, 299, 304, 307, 310, 313, 316, 321, 326, 331, 334, 337, 340, 345, 348, 353, 354, 356], "summary": {"covered_lines": 134, "num_statements": 134, "percent_covered": 100.0, "percent_covered_display": "100", "missing_lines": 0, "excluded_lines": 0}, "missing_lines": [], "excluded_lines": []}}}, "src\\trackhs_mcp\\domain\\entities\\housekeeping_work_orders.py": {"executed_lines": [1, 8, 9, 10, 12, 15, 16, 18, 19, 20, 21, 22, 23, 24, 27, 28, 31, 36, 39, 44, 47, 52, 55, 58, 61, 62, 65, 66, 68, 70, 71, 72, 83, 102, 103, 105, 106, 107, 108, 109, 112, 115, 118, 121, 124, 125, 128, 131, 132, 135, 138, 139, 140, 143, 147, 150, 151, 153, 154, 157, 158, 160, 162, 163, 173, 174], "summary": {"covered_lines": 61, "num_statements": 76, "percent_covered": 80.26315789473684, "percent_covered_display": "80", "missing_lines": 15, "excluded_lines": 0}, "missing_lines": [74, 76, 77, 78, 81, 86, 87, 88, 89, 92, 93, 96, 97, 167, 178], "excluded_lines": [], "functions": {"CreateHousekeepingWorkOrderParams.validate_scheduled_at": {"executed_lines": [], "summary": {"covered_lines": 0, "num_statements": 5, "percent_covered": 0.0, "percent_covered_display": "0", "missing_lines": 5, "excluded_lines": 0}, "missing_lines": [74, 76, 77, 78, 81], "excluded_lines": []}, "CreateHousekeepingWorkOrderParams.model_post_init": {"executed_lines": [], "summary": {"covered_lines": 0, "num_statements": 8, "percent_covered": 0.0, "percent_covered_display": "0", "missing_lines": 8, "excluded_lines": 0}, "missing_lines": [86, 87, 88, 89, 92, 93, 96, 97], "excluded_lines": []}, "HousekeepingWorkOrderResponse.success_response": {"executed_lines": [], "summary": {"covered_lines": 0, "num_statements": 1, "percent_covered": 0.0, "percent_covered_display": "0", "missing_lines": 1, "excluded_lines": 0}, "missing_lines": [167], "excluded_lines": []}, "HousekeepingWorkOrderResponse.error_response": {"executed_lines": [], "summary": {"covered_lines": 0, "num_statements": 1, "percent_covered": 0.0, "percent_covered_display": "0", "missing_lines": 1, "excluded_lines": 0}, "missing_lines": [178], "excluded_lines": []}, "": {"executed_lines": [1, 8, 9, 10, 12, 15, 16, 18, 19, 20, 21, 22, 23, 24, 27, 28, 31, 36, 39, 44, 47, 52, 55, 58, 61, 62, 65, 66, 68, 70, 71, 72, 83, 102, 103, 105, 106, 107, 108, 109, 112, 115, 118, 121, 124, 125, 128, 131, 132, 135, 138, 139, 140, 143, 147, 150, 151, 153, 154, 157, 158, 160, 162, 163, 173, 174], "summary": {"covered_lines": 61, "num_statements": 61, "percent_covered": 100.0, "percent_covered_display": "100", "missing_lines": 0, "excluded_lines": 0}, "missing_lines": [], "excluded_lines": []}}, "classes": {"HousekeepingWorkOrderStatus": {"executed_lines": [], "summary": {"covered_lines": 0, "num_statements": 0, "percent_covered": 100.0, "percent_covered_display": "100", "missing_lines": 0, "excluded_lines": 0}, "missing_lines": [], "excluded_lines": []}, "CreateHousekeepingWorkOrderParams": {"executed_lines": [], "summary": {"covered_lines": 0, "num_statements": 13, "percent_covered": 0.0, "percent_covered_display": "0", "missing_lines": 13, "excluded_lines": 0}, "missing_lines": [74, 76, 77, 78, 81, 86, 87, 88, 89, 92, 93, 96, 97], "excluded_lines": []}, "HousekeepingWorkOrder": {"executed_lines": [], "summary": {"covered_lines": 0, "num_statements": 0, "percent_covered": 100.0, "percent_covered_display": "100", "missing_lines": 0, "excluded_lines": 0}, "missing_lines": [], "excluded_lines": []}, "HousekeepingWorkOrderResponse": {"executed_lines": [], "summary": {"covered_lines": 0, "num_statements": 2, "percent_covered": 0.0, "percent_covered_display": "0", "missing_lines": 2, "excluded_lines": 0}, "missing_lines": [167, 178], "excluded_lines": []}, "": {"executed_lines": [1, 8, 9, 10, 12, 15, 16, 18, 19, 20, 21, 22, 23, 24, 27, 28, 31, 36, 39, 44, 47, 52, 55, 58, 61, 62, 65, 66, 68, 70, 71, 72, 83, 102, 103, 105, 106, 107, 108, 109, 112, 115, 118, 121, 124, 125, 128, 131, 132, 135, 138, 139, 140, 143, 147, 150, 151, 153, 154, 157, 158, 160, 162, 163, 173, 174], "summary": {"covered_lines": 61, "num_statements": 61, "percent_covered": 100.0, "percent_covered_display": "100", "missing_lines": 0, "excluded_lines": 0}, "missing_lines": [], "excluded_lines": []}}}, "src\\trackhs_mcp\\domain\\entities\\reservations.py": {"executed_lines": [1, 6, 8, 10, 13, 14, 16, 17, 18, 19, 20, 21, 24, 25, 30, 31, 33, 34, 35, 36, 37, 38, 39, 40, 41, 44, 45, 47, 50, 55, 56, 58, 60, 61, 62, 63, 64, 67, 70, 73, 78, 79, 81, 83, 84, 85, 86, 89, 90, 92, 94, 97, 98, 101, 104, 105, 108, 109, 111, 112, 113, 116, 117, 119, 121, 124, 125, 128, 131, 132, 135, 136, 138, 140, 143, 146, 147, 150, 153, 154, 159, 160, 162, 164, 165, 170, 171, 174, 177, 178, 181, 182, 183, 186, 189, 192, 195, 198, 201, 202, 205, 206, 209, 210, 211, 212, 213, 214, 217, 218, 219, 222, 225, 226, 228, 229, 230, 233, 236, 237, 239, 240, 241, 242, 243, 244, 245, 246, 249, 250, 252, 253, 254, 255, 256, 261, 262, 264, 265, 268, 269, 271, 272, 273, 276, 277, 278, 281, 282, 284, 286, 287, 291, 292, 293, 296, 299, 302, 305, 308, 311, 314, 317, 320, 323, 326, 329, 330, 333, 336, 337, 340, 343, 346, 349, 352, 355, 360, 363, 364, 367, 370, 371, 376, 381, 386, 389, 392, 395, 396, 399, 402, 405, 408, 411, 416, 417, 420, 421, 422, 425, 428, 431, 436, 439, 444, 447, 452, 455, 456, 457, 460, 463, 466, 469, 472, 473, 475, 491, 494, 495, 498, 501, 504, 507, 510, 513, 516, 519, 522, 528, 534, 540, 546, 552, 558, 564, 568, 572, 578, 581, 587, 588, 590, 592, 595, 596, 597, 598, 599, 602, 603, 605, 608, 609, 611, 612, 613, 617, 618, 620, 621, 622, 623, 624, 625, 628, 631, 632, 633, 636, 639, 640, 643, 644, 645, 646, 649, 650, 651, 654, 657, 660, 661, 662, 663, 666, 667, 668, 669, 670, 671, 672, 673, 674, 675, 676, 677, 678, 679, 680, 681, 682, 683, 684, 685, 686, 687, 690, 693, 696, 699, 700, 701, 704, 707, 710, 711, 712, 713, 718, 719, 721, 722, 723, 724, 725, 726, 727, 728, 729, 730, 731, 732, 733, 736, 737, 738, 739, 740, 741, 742, 743, 744, 745, 748, 749, 750, 753, 756, 757, 758, 759, 760, 761, 766, 767, 769, 770, 771, 772, 773, 774, 777, 780, 781, 782, 783, 784, 785, 786, 787, 790, 791, 792, 793, 794, 797, 802, 803, 805, 806, 807, 808, 809, 810, 811, 812, 813, 816, 819, 820, 821, 824, 825, 828, 829, 830, 831, 832, 835, 838, 841, 842, 843, 848, 849, 851, 852, 853, 854, 855, 856, 857, 858, 859, 860, 861, 862, 863, 864, 867, 870, 875, 876, 878, 879, 880, 881, 882, 883, 884, 885, 886, 889, 892, 895, 896, 897, 900, 903, 904, 905, 908, 911, 912, 915, 918, 921, 924, 925, 926, 927, 930, 931, 934, 935, 938, 939, 940, 941, 942, 947, 948, 950, 951, 952, 953, 954, 955, 958, 959, 960, 961, 962, 963, 964, 967, 970, 971, 972, 975, 978, 981, 984, 985, 986, 987, 988, 993, 994, 996, 999, 1000, 1001, 1002, 1003, 1004], "summary": {"covered_lines": 469, "num_statements": 469, "percent_covered": 100.0, "percent_covered_display": "100", "missing_lines": 0, "excluded_lines": 0}, "missing_lines": [], "excluded_lines": [], "functions": {"": {"executed_lines": [1, 6, 8, 10, 13, 14, 16, 17, 18, 19, 20, 21, 24, 25, 30, 31, 33, 34, 35, 36, 37, 38, 39, 40, 41, 44, 45, 47, 50, 55, 56, 58, 60, 61, 62, 63, 64, 67, 70, 73, 78, 79, 81, 83, 84, 85, 86, 89, 90, 92, 94, 97, 98, 101, 104, 105, 108, 109, 111, 112, 113, 116, 117, 119, 121, 124, 125, 128, 131, 132, 135, 136, 138, 140, 143, 146, 147, 150, 153, 154, 159, 160, 162, 164, 165, 170, 171, 174, 177, 178, 181, 182, 183, 186, 189, 192, 195, 198, 201, 202, 205, 206, 209, 210, 211, 212, 213, 214, 217, 218, 219, 222, 225, 226, 228, 229, 230, 233, 236, 237, 239, 240, 241, 242, 243, 244, 245, 246, 249, 250, 252, 253, 254, 255, 256, 261, 262, 264, 265, 268, 269, 271, 272, 273, 276, 277, 278, 281, 282, 284, 286, 287, 291, 292, 293, 296, 299, 302, 305, 308, 311, 314, 317, 320, 323, 326, 329, 330, 333, 336, 337, 340, 343, 346, 349, 352, 355, 360, 363, 364, 367, 370, 371, 376, 381, 386, 389, 392, 395, 396, 399, 402, 405, 408, 411, 416, 417, 420, 421, 422, 425, 428, 431, 436, 439, 444, 447, 452, 455, 456, 457, 460, 463, 466, 469, 472, 473, 475, 491, 494, 495, 498, 501, 504, 507, 510, 513, 516, 519, 522, 528, 534, 540, 546, 552, 558, 564, 568, 572, 578, 581, 587, 588, 590, 592, 595, 596, 597, 598, 599, 602, 603, 605, 608, 609, 611, 612, 613, 617, 618, 620, 621, 622, 623, 624, 625, 628, 631, 632, 633, 636, 639, 640, 643, 644, 645, 646, 649, 650, 651, 654, 657, 660, 661, 662, 663, 666, 667, 668, 669, 670, 671, 672, 673, 674, 675, 676, 677, 678, 679, 680, 681, 682, 683, 684, 685, 686, 687, 690, 693, 696, 699, 700, 701, 704, 707, 710, 711, 712, 713, 718, 719, 721, 722, 723, 724, 725, 726, 727, 728, 729, 730, 731, 732, 733, 736, 737, 738, 739, 740, 741, 742, 743, 744, 745, 748, 749, 750, 753, 756, 757, 758, 759, 760, 761, 766, 767, 769, 770, 771, 772, 773, 774, 777, 780, 781, 782, 783, 784, 785, 786, 787, 790, 791, 792, 793, 794, 797, 802, 803, 805, 806, 807, 808, 809, 810, 811, 812, 813, 816, 819, 820, 821, 824, 825, 828, 829, 830, 831, 832, 835, 838, 841, 842, 843, 848, 849, 851, 852, 853, 854, 855, 856, 857, 858, 859, 860, 861, 862, 863, 864, 867, 870, 875, 876, 878, 879, 880, 881, 882, 883, 884, 885, 886, 889, 892, 895, 896, 897, 900, 903, 904, 905, 908, 911, 912, 915, 918, 921, 924, 925, 926, 927, 930, 931, 934, 935, 938, 939, 940, 941, 942, 947, 948, 950, 951, 952, 953, 954, 955, 958, 959, 960, 961, 962, 963, 964, 967, 970, 971, 972, 975, 978, 981, 984, 985, 986, 987, 988, 993, 994, 996, 999, 1000, 1001, 1002, 1003, 1004], "summary": {"covered_lines": 469, "num_statements": 469, "percent_covered": 100.0, "percent_covered_display": "100", "missing_lines": 0, "excluded_lines": 0}, "missing_lines": [], "excluded_lines": []}}, "classes": {"Guest": {"executed_lines": [], "summary": {"covered_lines": 0, "num_statements": 0, "percent_covered": 100.0, "percent_covered_display": "100", "missing_lines": 0, "excluded_lines": 0}, "missing_lines": [], "excluded_lines": []}, "Property": {"executed_lines": [], "summary": {"covered_lines": 0, "num_statements": 0, "percent_covered": 100.0, "percent_covered_display": "100", "missing_lines": 0, "excluded_lines": 0}, "missing_lines": [], "excluded_lines": []}, "SecurityDeposit": {"executed_lines": [], "summary": {"covered_lines": 0, "num_statements": 0, "percent_covered": 100.0, "percent_covered_display": "100", "missing_lines": 0, "excluded_lines": 0}, "missing_lines": [], "excluded_lines": []}, "Occupant": {"executed_lines": [], "summary": {"covered_lines": 0, "num_statements": 0, "percent_covered": 100.0, "percent_covered_display": "100", "missing_lines": 0, "excluded_lines": 0}, "missing_lines": [], "excluded_lines": []}, "Rate": {"executed_lines": [], "summary": {"covered_lines": 0, "num_statements": 0, "percent_covered": 100.0, "percent_covered_display": "100", "missing_lines": 0, "excluded_lines": 0}, "missing_lines": [], "excluded_lines": []}, "GuestFee": {"executed_lines": [], "summary": {"covered_lines": 0, "num_statements": 0, "percent_covered": 100.0, "percent_covered_display": "100", "missing_lines": 0, "excluded_lines": 0}, "missing_lines": [], "excluded_lines": []}, "Tax": {"executed_lines": [], "summary": {"covered_lines": 0, "num_statements": 0, "percent_covered": 100.0, "percent_covered_display": "100", "missing_lines": 0, "excluded_lines": 0}, "missing_lines": [], "excluded_lines": []}, "OwnerFee": {"executed_lines": [], "summary": {"covered_lines": 0, "num_statements": 0, "percent_covered": 100.0, "percent_covered_display": "100", "missing_lines": 0, "excluded_lines": 0}, "missing_lines": [], "excluded_lines": []}, "OwnerBreakdown": {"executed_lines": [], "summary": {"covered_lines": 0, "num_statements": 0, "percent_covered": 100.0, "percent_covered_display": "100", "missing_lines": 0, "excluded_lines": 0}, "missing_lines": [], "excluded_lines": []}, "GuestBreakdown": {"executed_lines": [], "summary": {"covered_lines": 0, "num_statements": 0, "percent_covered": 100.0, "percent_covered_display": "100", "missing_lines": 0, "excluded_lines": 0}, "missing_lines": [], "excluded_lines": []}, "GuaranteePolicy": {"executed_lines": [], "summary": {"covered_lines": 0, "num_statements": 0, "percent_covered": 100.0, "percent_covered_display": "100", "missing_lines": 0, "excluded_lines": 0}, "missing_lines": [], "excluded_lines": []}, "CancellationBreakpoint": {"executed_lines": [], "summary": {"covered_lines": 0, "num_statements": 0, "percent_covered": 100.0, "percent_covered_display": "100", "missing_lines": 0, "excluded_lines": 0}, "missing_lines": [], "excluded_lines": []}, "CancellationPolicy": {"executed_lines": [], "summary": {"covered_lines": 0, "num_statements": 0, "percent_covered": 100.0, "percent_covered_display": "100", "missing_lines": 0, "excluded_lines": 0}, "missing_lines": [], "excluded_lines": []}, "PaymentPlan": {"executed_lines": [], "summary": {"covered_lines": 0, "num_statements": 0, "percent_covered": 100.0, "percent_covered_display": "100", "missing_lines": 0, "excluded_lines": 0}, "missing_lines": [], "excluded_lines": []}, "TravelInsuranceProduct": {"executed_lines": [], "summary": {"covered_lines": 0, "num_statements": 0, "percent_covered": 100.0, "percent_covered_display": "100", "missing_lines": 0, "excluded_lines": 0}, "missing_lines": [], "excluded_lines": []}, "Reservation": {"executed_lines": [], "summary": {"covered_lines": 0, "num_statements": 0, "percent_covered": 100.0, "percent_covered_display": "100", "missing_lines": 0, "excluded_lines": 0}, "missing_lines": [], "excluded_lines": []}, "SearchReservationsParams": {"executed_lines": [], "summary": {"covered_lines": 0, "num_statements": 0, "percent_covered": 100.0, "percent_covered_display": "100", "missing_lines": 0, "excluded_lines": 0}, "missing_lines": [], "excluded_lines": []}, "SearchReservationsResponse": {"executed_lines": [], "summary": {"covered_lines": 0, "num_statements": 0, "percent_covered": 100.0, "percent_covered_display": "100", "missing_lines": 0, "excluded_lines": 0}, "missing_lines": [], "excluded_lines": []}, "GetReservationParams": {"executed_lines": [], "summary": {"covered_lines": 0, "num_statements": 0, "percent_covered": 100.0, "percent_covered_display": "100", "missing_lines": 0, "excluded_lines": 0}, "missing_lines": [], "excluded_lines": []}, "ReservationResponse": {"executed_lines": [], "summary": {"covered_lines": 0, "num_statements": 0, "percent_covered": 100.0, "percent_covered_display": "100", "missing_lines": 0, "excluded_lines": 0}, "missing_lines": [], "excluded_lines": []}, "UnitEmbedded": {"executed_lines": [], "summary": {"covered_lines": 0, "num_statements": 0, "percent_covered": 100.0, "percent_covered_display": "100", "missing_lines": 0, "excluded_lines": 0}, "missing_lines": [], "excluded_lines": []}, "ContactEmbedded": {"executed_lines": [], "summary": {"covered_lines": 0, "num_statements": 0, "percent_covered": 100.0, "percent_covered_display": "100", "missing_lines": 0, "excluded_lines": 0}, "missing_lines": [], "excluded_lines": []}, "GuaranteePolicyEmbedded": {"executed_lines": [], "summary": {"covered_lines": 0, "num_statements": 0, "percent_covered": 100.0, "percent_covered_display": "100", "missing_lines": 0, "excluded_lines": 0}, "missing_lines": [], "excluded_lines": []}, "CancellationPolicyEmbedded": {"executed_lines": [], "summary": {"covered_lines": 0, "num_statements": 0, "percent_covered": 100.0, "percent_covered_display": "100", "missing_lines": 0, "excluded_lines": 0}, "missing_lines": [], "excluded_lines": []}, "UserEmbedded": {"executed_lines": [], "summary": {"covered_lines": 0, "num_statements": 0, "percent_covered": 100.0, "percent_covered_display": "100", "missing_lines": 0, "excluded_lines": 0}, "missing_lines": [], "excluded_lines": []}, "ReservationTypeEmbedded": {"executed_lines": [], "summary": {"covered_lines": 0, "num_statements": 0, "percent_covered": 100.0, "percent_covered_display": "100", "missing_lines": 0, "excluded_lines": 0}, "missing_lines": [], "excluded_lines": []}, "RateTypeEmbedded": {"executed_lines": [], "summary": {"covered_lines": 0, "num_statements": 0, "percent_covered": 100.0, "percent_covered_display": "100", "missing_lines": 0, "excluded_lines": 0}, "missing_lines": [], "excluded_lines": []}, "ReservationFilters": {"executed_lines": [], "summary": {"covered_lines": 0, "num_statements": 0, "percent_covered": 100.0, "percent_covered_display": "100", "missing_lines": 0, "excluded_lines": 0}, "missing_lines": [], "excluded_lines": []}, "": {"executed_lines": [1, 6, 8, 10, 13, 14, 16, 17, 18, 19, 20, 21, 24, 25, 30, 31, 33, 34, 35, 36, 37, 38, 39, 40, 41, 44, 45, 47, 50, 55, 56, 58, 60, 61, 62, 63, 64, 67, 70, 73, 78, 79, 81, 83, 84, 85, 86, 89, 90, 92, 94, 97, 98, 101, 104, 105, 108, 109, 111, 112, 113, 116, 117, 119, 121, 124, 125, 128, 131, 132, 135, 136, 138, 140, 143, 146, 147, 150, 153, 154, 159, 160, 162, 164, 165, 170, 171, 174, 177, 178, 181, 182, 183, 186, 189, 192, 195, 198, 201, 202, 205, 206, 209, 210, 211, 212, 213, 214, 217, 218, 219, 222, 225, 226, 228, 229, 230, 233, 236, 237, 239, 240, 241, 242, 243, 244, 245, 246, 249, 250, 252, 253, 254, 255, 256, 261, 262, 264, 265, 268, 269, 271, 272, 273, 276, 277, 278, 281, 282, 284, 286, 287, 291, 292, 293, 296, 299, 302, 305, 308, 311, 314, 317, 320, 323, 326, 329, 330, 333, 336, 337, 340, 343, 346, 349, 352, 355, 360, 363, 364, 367, 370, 371, 376, 381, 386, 389, 392, 395, 396, 399, 402, 405, 408, 411, 416, 417, 420, 421, 422, 425, 428, 431, 436, 439, 444, 447, 452, 455, 456, 457, 460, 463, 466, 469, 472, 473, 475, 491, 494, 495, 498, 501, 504, 507, 510, 513, 516, 519, 522, 528, 534, 540, 546, 552, 558, 564, 568, 572, 578, 581, 587, 588, 590, 592, 595, 596, 597, 598, 599, 602, 603, 605, 608, 609, 611, 612, 613, 617, 618, 620, 621, 622, 623, 624, 625, 628, 631, 632, 633, 636, 639, 640, 643, 644, 645, 646, 649, 650, 651, 654, 657, 660, 661, 662, 663, 666, 667, 668, 669, 670, 671, 672, 673, 674, 675, 676, 677, 678, 679, 680, 681, 682, 683, 684, 685, 686, 687, 690, 693, 696, 699, 700, 701, 704, 707, 710, 711, 712, 713, 718, 719, 721, 722, 723, 724, 725, 726, 727, 728, 729, 730, 731, 732, 733, 736, 737, 738, 739, 740, 741, 742, 743, 744, 745, 748, 749, 750, 753, 756, 757, 758, 759, 760, 761, 766, 767, 769, 770, 771, 772, 773, 774, 777, 780, 781, 782, 783, 784, 785, 786, 787, 790, 791, 792, 793, 794, 797, 802, 803, 805, 806, 807, 808, 809, 810, 811, 812, 813, 816, 819, 820, 821, 824, 825, 828, 829, 830, 831, 832, 835, 838, 841, 842, 843, 848, 849, 851, 852, 853, 854, 855, 856, 857, 858, 859, 860, 861, 862, 863, 864, 867, 870, 875, 876, 878, 879, 880, 881, 882, 883, 884, 885, 886, 889, 892, 895, 896, 897, 900, 903, 904, 905, 908, 911, 912, 915, 918, 921, 924, 925, 926, 927, 930, 931, 934, 935, 938, 939, 940, 941, 942, 947, 948, 950, 951, 952, 953, 954, 955, 958, 959, 960, 961, 962, 963, 964, 967, 970, 971, 972, 975, 978, 981, 984, 985, 986, 987, 988, 993, 994, 996, 999, 1000, 1001, 1002, 1003, 1004], "summary": {"covered_lines": 469, "num_statements": 469, "percent_covered": 100.0, "percent_covered_display": "100", "missing_lines": 0, "excluded_lines": 0}, "missing_lines": [], "excluded_lines": []}}}, "src\\trackhs_mcp\\domain\\entities\\units.py": {"executed_lines": [1, 6, 8, 10, 13, 14, 16, 17, 20, 21, 23, 24, 27, 28, 30, 31, 32, 33, 34, 35, 38, 39, 41, 42, 43, 44, 45, 46, 49, 50, 52, 53, 62, 63, 66, 69, 70, 71, 72, 75, 76, 78, 79, 82, 83, 85, 86, 87, 90, 91, 93, 94, 95, 96, 97, 98, 99, 100, 103, 104, 105, 106, 109, 110, 112, 114, 115, 116, 119, 122, 123, 126, 129, 132, 133, 136, 139, 140, 143, 144, 145, 148, 151, 154, 157, 160, 163, 166, 167, 168, 169, 172, 173, 174, 175, 176, 177, 178, 181, 184, 187, 190, 193, 196, 197, 198, 199, 202, 205, 206, 209, 212, 213, 216, 217, 218, 223, 226, 229, 232, 235, 238, 241, 244, 249, 250, 252, 255, 258, 261, 264, 267, 270, 273, 276, 277, 280, 283, 286, 289, 292, 293, 294, 295, 296, 299, 302, 305, 308, 311, 312, 315, 316, 319, 322, 325, 326, 329, 332, 333, 336, 341, 342, 344, 346, 349, 350, 351, 352, 353, 356, 357, 359, 362, 363, 365, 366, 367, 370, 371, 373, 376, 377, 378, 379, 380], "summary": {"covered_lines": 171, "num_statements": 171, "percent_covered": 100.0, "percent_covered_display": "100", "missing_lines": 0, "excluded_lines": 0}, "missing_lines": [], "excluded_lines": [], "functions": {"": {"executed_lines": [1, 6, 8, 10, 13, 14, 16, 17, 20, 21, 23, 24, 27, 28, 30, 31, 32, 33, 34, 35, 38, 39, 41, 42, 43, 44, 45, 46, 49, 50, 52, 53, 62, 63, 66, 69, 70, 71, 72, 75, 76, 78, 79, 82, 83, 85, 86, 87, 90, 91, 93, 94, 95, 96, 97, 98, 99, 100, 103, 104, 105, 106, 109, 110, 112, 114, 115, 116, 119, 122, 123, 126, 129, 132, 133, 136, 139, 140, 143, 144, 145, 148, 151, 154, 157, 160, 163, 166, 167, 168, 169, 172, 173, 174, 175, 176, 177, 178, 181, 184, 187, 190, 193, 196, 197, 198, 199, 202, 205, 206, 209, 212, 213, 216, 217, 218, 223, 226, 229, 232, 235, 238, 241, 244, 249, 250, 252, 255, 258, 261, 264, 267, 270, 273, 276, 277, 280, 283, 286, 289, 292, 293, 294, 295, 296, 299, 302, 305, 308, 311, 312, 315, 316, 319, 322, 325, 326, 329, 332, 333, 336, 341, 342, 344, 346, 349, 350, 351, 352, 353, 356, 357, 359, 362, 363, 365, 366, 367, 370, 371, 373, 376, 377, 378, 379, 380], "summary": {"covered_lines": 171, "num_statements": 171, "percent_covered": 100.0, "percent_covered_display": "100", "missing_lines": 0, "excluded_lines": 0}, "missing_lines": [], "excluded_lines": []}}, "classes": {"UnitType": {"executed_lines": [], "summary": {"covered_lines": 0, "num_statements": 0, "percent_covered": 100.0, "percent_covered_display": "100", "missing_lines": 0, "excluded_lines": 0}, "missing_lines": [], "excluded_lines": []}, "LodgingType": {"executed_lines": [], "summary": {"covered_lines": 0, "num_statements": 0, "percent_covered": 100.0, "percent_covered_display": "100", "missing_lines": 0, "excluded_lines": 0}, "missing_lines": [], "excluded_lines": []}, "BedType": {"executed_lines": [], "summary": {"covered_lines": 0, "num_statements": 0, "percent_covered": 100.0, "percent_covered_display": "100", "missing_lines": 0, "excluded_lines": 0}, "missing_lines": [], "excluded_lines": []}, "Bed": {"executed_lines": [], "summary": {"covered_lines": 0, "num_statements": 0, "percent_covered": 100.0, "percent_covered_display": "100", "missing_lines": 0, "excluded_lines": 0}, "missing_lines": [], "excluded_lines": []}, "Room": {"executed_lines": [], "summary": {"covered_lines": 0, "num_statements": 0, "percent_covered": 100.0, "percent_covered_display": "100", "missing_lines": 0, "excluded_lines": 0}, "missing_lines": [], "excluded_lines": []}, "AmenityGroup": {"executed_lines": [], "summary": {"covered_lines": 0, "num_statements": 0, "percent_covered": 100.0, "percent_covered_display": "100", "missing_lines": 0, "excluded_lines": 0}, "missing_lines": [], "excluded_lines": []}, "Amenity": {"executed_lines": [], "summary": {"covered_lines": 0, "num_statements": 0, "percent_covered": 100.0, "percent_covered_display": "100", "missing_lines": 0, "excluded_lines": 0}, "missing_lines": [], "excluded_lines": []}, "LocalOffice": {"executed_lines": [], "summary": {"covered_lines": 0, "num_statements": 0, "percent_covered": 100.0, "percent_covered_display": "100", "missing_lines": 0, "excluded_lines": 0}, "missing_lines": [], "excluded_lines": []}, "Unit": {"executed_lines": [], "summary": {"covered_lines": 0, "num_statements": 0, "percent_covered": 100.0, "percent_covered_display": "100", "missing_lines": 0, "excluded_lines": 0}, "missing_lines": [], "excluded_lines": []}, "SearchUnitsParams": {"executed_lines": [], "summary": {"covered_lines": 0, "num_statements": 0, "percent_covered": 100.0, "percent_covered_display": "100", "missing_lines": 0, "excluded_lines": 0}, "missing_lines": [], "excluded_lines": []}, "SearchUnitsResponse": {"executed_lines": [], "summary": {"covered_lines": 0, "num_statements": 0, "percent_covered": 100.0, "percent_covered_display": "100", "missing_lines": 0, "excluded_lines": 0}, "missing_lines": [], "excluded_lines": []}, "GetUnitParams": {"executed_lines": [], "summary": {"covered_lines": 0, "num_statements": 0, "percent_covered": 100.0, "percent_covered_display": "100", "missing_lines": 0, "excluded_lines": 0}, "missing_lines": [], "excluded_lines": []}, "UnitResponse": {"executed_lines": [], "summary": {"covered_lines": 0, "num_statements": 0, "percent_covered": 100.0, "percent_covered_display": "100", "missing_lines": 0, "excluded_lines": 0}, "missing_lines": [], "excluded_lines": []}, "UnitFilters": {"executed_lines": [], "summary": {"covered_lines": 0, "num_statements": 0, "percent_covered": 100.0, "percent_covered_display": "100", "missing_lines": 0, "excluded_lines": 0}, "missing_lines": [], "excluded_lines": []}, "": {"executed_lines": [1, 6, 8, 10, 13, 14, 16, 17, 20, 21, 23, 24, 27, 28, 30, 31, 32, 33, 34, 35, 38, 39, 41, 42, 43, 44, 45, 46, 49, 50, 52, 53, 62, 63, 66, 69, 70, 71, 72, 75, 76, 78, 79, 82, 83, 85, 86, 87, 90, 91, 93, 94, 95, 96, 97, 98, 99, 100, 103, 104, 105, 106, 109, 110, 112, 114, 115, 116, 119, 122, 123, 126, 129, 132, 133, 136, 139, 140, 143, 144, 145, 148, 151, 154, 157, 160, 163, 166, 167, 168, 169, 172, 173, 174, 175, 176, 177, 178, 181, 184, 187, 190, 193, 196, 197, 198, 199, 202, 205, 206, 209, 212, 213, 216, 217, 218, 223, 226, 229, 232, 235, 238, 241, 244, 249, 250, 252, 255, 258, 261, 264, 267, 270, 273, 276, 277, 280, 283, 286, 289, 292, 293, 294, 295, 296, 299, 302, 305, 308, 311, 312, 315, 316, 319, 322, 325, 326, 329, 332, 333, 336, 341, 342, 344, 346, 349, 350, 351, 352, 353, 356, 357, 359, 362, 363, 365, 366, 367, 370, 371, 373, 376, 377, 378, 379, 380], "summary": {"covered_lines": 171, "num_statements": 171, "percent_covered": 100.0, "percent_covered_display": "100", "missing_lines": 0, "excluded_lines": 0}, "missing_lines": [], "excluded_lines": []}}}, "src\\trackhs_mcp\\domain\\entities\\work_orders.py": {"executed_lines": [1, 8, 9, 10, 12, 15, 16, 18, 19, 20, 21, 22, 23, 24, 25, 26, 27, 28, 31, 32, 34, 35, 36, 37, 38, 41, 42, 44, 45, 46, 49, 50, 53, 56, 57, 58, 61, 64, 69, 72, 75, 78, 81, 84, 87, 88, 91, 92, 95, 98, 101, 105, 107, 108, 109, 116, 117, 118, 129, 130, 131, 137, 138, 139, 146, 147, 150, 151, 152, 153, 154, 155, 156, 159, 160, 161, 162, 163, 164, 165, 166, 167, 168, 169, 170, 171, 174, 175, 176, 177, 180, 181, 183, 185, 186, 232, 242, 243, 245, 246, 247, 249, 251, 252], "summary": {"covered_lines": 97, "num_statements": 143, "percent_covered": 67.83216783216783, "percent_covered_display": "68", "missing_lines": 46, "excluded_lines": 0}, "missing_lines": [111, 112, 113, 114, 120, 121, 122, 123, 124, 127, 133, 134, 135, 141, 142, 143, 189, 190, 193, 195, 197, 198, 199, 201, 202, 204, 205, 206, 210, 215, 218, 219, 222, 225, 226, 227, 228, 230, 234, 235, 236, 237, 238, 239, 254, 255], "excluded_lines": [], "functions": {"CreateWorkOrderParams.validate_priority": {"executed_lines": [], "summary": {"covered_lines": 0, "num_statements": 4, "percent_covered": 0.0, "percent_covered_display": "0", "missing_lines": 4, "excluded_lines": 0}, "missing_lines": [111, 112, 113, 114], "excluded_lines": []}, "CreateWorkOrderParams.validate_date_format": {"executed_lines": [], "summary": {"covered_lines": 0, "num_statements": 6, "percent_covered": 0.0, "percent_covered_display": "0", "missing_lines": 6, "excluded_lines": 0}, "missing_lines": [120, 121, 122, 123, 124, 127], "excluded_lines": []}, "CreateWorkOrderParams.validate_estimated_cost": {"executed_lines": [], "summary": {"covered_lines": 0, "num_statements": 3, "percent_covered": 0.0, "percent_covered_display": "0", "missing_lines": 3, "excluded_lines": 0}, "missing_lines": [133, 134, 135], "excluded_lines": []}, "CreateWorkOrderParams.validate_estimated_time": {"executed_lines": [], "summary": {"covered_lines": 0, "num_statements": 3, "percent_covered": 0.0, "percent_covered_display": "0", "missing_lines": 3, "excluded_lines": 0}, "missing_lines": [141, 142, 143], "excluded_lines": []}, "WorkOrder.from_api_response": {"executed_lines": [], "summary": {"covered_lines": 0, "num_statements": 22, "percent_covered": 0.0, "percent_covered_display": "0", "missing_lines": 22, "excluded_lines": 0}, "missing_lines": [189, 190, 193, 195, 197, 198, 199, 201, 202, 204, 205, 206, 210, 215, 218, 219, 222, 225, 226, 227, 228, 230], "excluded_lines": []}, "WorkOrder.to_dict": {"executed_lines": [], "summary": {"covered_lines": 0, "num_statements": 6, "percent_covered": 0.0, "percent_covered_display": "0", "missing_lines": 6, "excluded_lines": 0}, "missing_lines": [234, 235, 236, 237, 238, 239], "excluded_lines": []}, "WorkOrderResponse.from_api_data": {"executed_lines": [], "summary": {"covered_lines": 0, "num_statements": 2, "percent_covered": 0.0, "percent_covered_display": "0", "missing_lines": 2, "excluded_lines": 0}, "missing_lines": [254, 255], "excluded_lines": []}, "": {"executed_lines": [1, 8, 9, 10, 12, 15, 16, 18, 19, 20, 21, 22, 23, 24, 25, 26, 27, 28, 31, 32, 34, 35, 36, 37, 38, 41, 42, 44, 45, 46, 49, 50, 53, 56, 57, 58, 61, 64, 69, 72, 75, 78, 81, 84, 87, 88, 91, 92, 95, 98, 101, 105, 107, 108, 109, 116, 117, 118, 129, 130, 131, 137, 138, 139, 146, 147, 150, 151, 152, 153, 154, 155, 156, 159, 160, 161, 162, 163, 164, 165, 166, 167, 168, 169, 170, 171, 174, 175, 176, 177, 180, 181, 183, 185, 186, 232, 242, 243, 245, 246, 247, 249, 251, 252], "summary": {"covered_lines": 97, "num_statements": 97, "percent_covered": 100.0, "percent_covered_display": "100", "missing_lines": 0, "excluded_lines": 0}, "missing_lines": [], "excluded_lines": []}}, "classes": {"WorkOrderStatus": {"executed_lines": [], "summary": {"covered_lines": 0, "num_statements": 0, "percent_covered": 100.0, "percent_covered_display": "100", "missing_lines": 0, "excluded_lines": 0}, "missing_lines": [], "excluded_lines": []}, "WorkOrderPriority": {"executed_lines": [], "summary": {"covered_lines": 0, "num_statements": 0, "percent_covered": 100.0, "percent_covered_display": "100", "missing_lines": 0, "excluded_lines": 0}, "missing_lines": [], "excluded_lines": []}, "WorkOrderProblem": {"executed_lines": [], "summary": {"covered_lines": 0, "num_statements": 0, "percent_covered": 100.0, "percent_covered_display": "100", "missing_lines": 0, "excluded_lines": 0}, "missing_lines": [], "excluded_lines": []}, "CreateWorkOrderParams": {"executed_lines": [], "summary": {"covered_lines": 0, "num_statements": 16, "percent_covered": 0.0, "percent_covered_display": "0", "missing_lines": 16, "excluded_lines": 0}, "missing_lines": [111, 112, 113, 114, 120, 121, 122, 123, 124, 127, 133, 134, 135, 141, 142, 143], "excluded_lines": []}, "WorkOrder": {"executed_lines": [], "summary": {"covered_lines": 0, "num_statements": 28, "percent_covered": 0.0, "percent_covered_display": "0", "missing_lines": 28, "excluded_lines": 0}, "missing_lines": [189, 190, 193, 195, 197, 198, 199, 201, 202, 204, 205, 206, 210, 215, 218, 219, 222, 225, 226, 227, 228, 230, 234, 235, 236, 237, 238, 239], "excluded_lines": []}, "WorkOrderResponse": {"executed_lines": [], "summary": {"covered_lines": 0, "num_statements": 2, "percent_covered": 0.0, "percent_covered_display": "0", "missing_lines": 2, "excluded_lines": 0}, "missing_lines": [254, 255], "excluded_lines": []}, "": {"executed_lines": [1, 8, 9, 10, 12, 15, 16, 18, 19, 20, 21, 22, 23, 24, 25, 26, 27, 28, 31, 32, 34, 35, 36, 37, 38, 41, 42, 44, 45, 46, 49, 50, 53, 56, 57, 58, 61, 64, 69, 72, 75, 78, 81, 84, 87, 88, 91, 92, 95, 98, 101, 105, 107, 108, 109, 116, 117, 118, 129, 130, 131, 137, 138, 139, 146, 147, 150, 151, 152, 153, 154, 155, 156, 159, 160, 161, 162, 163, 164, 165, 166, 167, 168, 169, 170, 171, 174, 175, 176, 177, 180, 181, 183, 185, 186, 232, 242, 243, 245, 246, 247, 249, 251, 252], "summary": {"covered_lines": 97, "num_statements": 97, "percent_covered": 100.0, "percent_covered_display": "100", "missing_lines": 0, "excluded_lines": 0}, "missing_lines": [], "excluded_lines": []}}}, "src\\trackhs_mcp\\domain\\exceptions\\__init__.py": {"executed_lines": [1, 5, 17], "summary": {"covered_lines": 2, "num_statements": 2, "percent_covered": 100.0, "percent_covered_display": "100", "missing_lines": 0, "excluded_lines": 0}, "missing_lines": [], "excluded_lines": [], "functions": {"": {"executed_lines": [1, 5, 17], "summary": {"covered_lines": 2, "num_statements": 2, "percent_covered": 100.0, "percent_covered_display": "100", "missing_lines": 0, "excluded_lines": 0}, "missing_lines": [], "excluded_lines": []}}, "classes": {"": {"executed_lines": [1, 5, 17], "summary": {"covered_lines": 2, "num_statements": 2, "percent_covered": 100.0, "percent_covered_display": "100", "missing_lines": 0, "excluded_lines": 0}, "missing_lines": [], "excluded_lines": []}}}, "src\\trackhs_mcp\\domain\\exceptions\\api_exceptions.py": {"executed_lines": [1, 6, 7, 8, 11, 12, 14, 15, 16, 17, 20, 21, 23, 36, 37, 39, 61, 62, 64, 68, 69, 71, 79, 80, 82, 86, 87, 89, 97, 98, 100, 104, 105, 107], "summary": {"covered_lines": 24, "num_statements": 50, "percent_covered": 48.0, "percent_covered_display": "48", "missing_lines": 26, "excluded_lines": 0}, "missing_lines": [29, 30, 31, 32, 33, 47, 48, 49, 50, 51, 54, 55, 56, 58, 65, 72, 73, 74, 76, 83, 90, 91, 92, 94, 101, 108], "excluded_lines": [], "functions": {"TrackHSError.__init__": {"executed_lines": [], "summary": {"covered_lines": 0, "num_statements": 5, "percent_covered": 0.0, "percent_covered_display": "0", "missing_lines": 5, "excluded_lines": 0}, "missing_lines": [29, 30, 31, 32, 33], "excluded_lines": []}, "ApiError.__init__": {"executed_lines": [], "summary": {"covered_lines": 0, "num_statements": 9, "percent_covered": 0.0, "percent_covered_display": "0", "missing_lines": 9, "excluded_lines": 0}, "missing_lines": [47, 48, 49, 50, 51, 54, 55, 56, 58], "excluded_lines": []}, "AuthenticationError.__init__": {"executed_lines": [], "summary": {"covered_lines": 0, "num_statements": 1, "percent_covered": 0.0, "percent_covered_display": "0", "missing_lines": 1, "excluded_lines": 0}, "missing_lines": [65], "excluded_lines": []}, "ValidationError.__init__": {"executed_lines": [], "summary": {"covered_lines": 0, "num_statements": 4, "percent_covered": 0.0, "percent_covered_display": "0", "missing_lines": 4, "excluded_lines": 0}, "missing_lines": [72, 73, 74, 76], "excluded_lines": []}, "NetworkError.__init__": {"executed_lines": [], "summary": {"covered_lines": 0, "num_statements": 1, "percent_covered": 0.0, "percent_covered_display": "0", "missing_lines": 1, "excluded_lines": 0}, "missing_lines": [83], "excluded_lines": []}, "TimeoutError.__init__": {"executed_lines": [], "summary": {"covered_lines": 0, "num_statements": 4, "percent_covered": 0.0, "percent_covered_display": "0", "missing_lines": 4, "excluded_lines": 0}, "missing_lines": [90, 91, 92, 94], "excluded_lines": []}, "AuthorizationError.__init__": {"executed_lines": [], "summary": {"covered_lines": 0, "num_statements": 1, "percent_covered": 0.0, "percent_covered_display": "0", "missing_lines": 1, "excluded_lines": 0}, "missing_lines": [101], "excluded_lines": []}, "ServerError.__init__": {"executed_lines": [], "summary": {"covered_lines": 0, "num_statements": 1, "percent_covered": 0.0, "percent_covered_display": "0", "missing_lines": 1, "excluded_lines": 0}, "missing_lines": [108], "excluded_lines": []}, "": {"executed_lines": [1, 6, 7, 8, 11, 12, 14, 15, 16, 17, 20, 21, 23, 36, 37, 39, 61, 62, 64, 68, 69, 71, 79, 80, 82, 86, 87, 89, 97, 98, 100, 104, 105, 107], "summary": {"covered_lines": 24, "num_statements": 24, "percent_covered": 100.0, "percent_covered_display": "100", "missing_lines": 0, "excluded_lines": 0}, "missing_lines": [], "excluded_lines": []}}, "classes": {"ErrorSeverity": {"executed_lines": [], "summary": {"covered_lines": 0, "num_statements": 0, "percent_covered": 100.0, "percent_covered_display": "100", "missing_lines": 0, "excluded_lines": 0}, "missing_lines": [], "excluded_lines": []}, "TrackHSError": {"executed_lines": [], "summary": {"covered_lines": 0, "num_statements": 5, "percent_covered": 0.0, "percent_covered_display": "0", "missing_lines": 5, "excluded_lines": 0}, "missing_lines": [29, 30, 31, 32, 33], "excluded_lines": []}, "ApiError": {"executed_lines": [], "summary": {"covered_lines": 0, "num_statements": 9, "percent_covered": 0.0, "percent_covered_display": "0", "missing_lines": 9, "excluded_lines": 0}, "missing_lines": [47, 48, 49, 50, 51, 54, 55, 56, 58], "excluded_lines": []}, "AuthenticationError": {"executed_lines": [], "summary": {"covered_lines": 0, "num_statements": 1, "percent_covered": 0.0, "percent_covered_display": "0", "missing_lines": 1, "excluded_lines": 0}, "missing_lines": [65], "excluded_lines": []}, "ValidationError": {"executed_lines": [], "summary": {"covered_lines": 0, "num_statements": 4, "percent_covered": 0.0, "percent_covered_display": "0", "missing_lines": 4, "excluded_lines": 0}, "missing_lines": [72, 73, 74, 76], "excluded_lines": []}, "NetworkError": {"executed_lines": [], "summary": {"covered_lines": 0, "num_statements": 1, "percent_covered": 0.0, "percent_covered_display": "0", "missing_lines": 1, "excluded_lines": 0}, "missing_lines": [83], "excluded_lines": []}, "TimeoutError": {"executed_lines": [], "summary": {"covered_lines": 0, "num_statements": 4, "percent_covered": 0.0, "percent_covered_display": "0", "missing_lines": 4, "excluded
[...]
0.0, "percent_covered_display": "100", "missing_lines": 0, "excluded_lines": 0}, "missing_lines": [], "excluded_lines": []}, "PageInfo": {"executed_lines": [], "summary": {"covered_lines": 0, "num_statements": 0, "percent_covered": 100.0, "percent_covered_display": "100", "missing_lines": 0, "excluded_lines": 0}, "missing_lines": [], "excluded_lines": []}, "PaginationResult": {"executed_lines": [], "summary": {"covered_lines": 0, "num_statements": 0, "percent_covered": 100.0, "percent_covered_display": "100", "missing_lines": 0, "excluded_lines": 0}, "missing_lines": [], "excluded_lines": []}, "PaginationUtility": {"executed_lines": [], "summary": {"covered_lines": 0, "num_statements": 91, "percent_covered": 0.0, "percent_covered_display": "0", "missing_lines": 91, "excluded_lines": 0}, "missing_lines": [65, 66, 70, 71, 73, 74, 75, 76, 79, 80, 81, 86, 90, 92, 107, 109, 110, 111, 112, 113, 114, 115, 117, 118, 119, 121, 122, 124, 125, 127, 131, 132, 142, 144, 156, 157, 159, 160, 162, 177, 179, 180, 181, 183, 184, 190, 191, 192, 194, 196, 197, 198, 201, 202, 203, 204, 205, 206, 208, 209, 211, 213, 214, 215, 221, 222, 225, 226, 228, 230, 231, 232, 235, 236, 240, 241, 243, 244, 246, 247, 249, 251, 252, 253, 257, 258, 259, 260, 264, 265, 267], "excluded_lines": []}, "": {"executed_lines": [], "summary": {"covered_lines": 0, "num_statements": 59, "percent_covered": 0.0, "percent_covered_display": "0", "missing_lines": 59, "excluded_lines": 0}, "missing_lines": [7, 8, 9, 10, 12, 15, 18, 19, 20, 23, 24, 27, 28, 29, 30, 31, 32, 35, 36, 39, 40, 41, 42, 43, 44, 45, 46, 47, 50, 51, 54, 55, 56, 57, 58, 61, 64, 68, 88, 103, 129, 152, 169, 186, 217, 255, 262, 281, 285, 286, 288, 291, 293, 296, 300, 301, 303, 306, 308], "excluded_lines": []}}}, "src\\trackhs_mcp\\infrastructure\\utils\\schema_fixer.py": {"executed_lines": [1, 12, 13, 15, 18, 97, 118, 143, 203, 230], "summary": {"covered_lines": 9, "num_statements": 107, "percent_covered": 8.411214953271028, "percent_covered_display": "8", "missing_lines": 98, "excluded_lines": 0}, "missing_lines": [33, 34, 37, 40, 52, 55, 56, 57, 59, 60, 62, 63, 66, 67, 72, 73, 75, 76, 77, 78, 80, 81, 84, 85, 88, 89, 90, 91, 92, 94, 107, 108, 111, 112, 113, 114, 115, 128, 129, 131, 132, 133, 134, 135, 136, 138, 140, 153, 155, 156, 157, 160, 161, 170, 171, 172, 175, 176, 177, 178, 179, 180, 183, 186, 187, 188, 189, 190, 191, 192, 193, 194, 196, 198, 199, 200, 216, 219, 222, 223, 224, 226, 227, 241, 243, 244, 245, 246, 248, 249, 257, 258, 267, 268, 269, 273, 274, 276], "excluded_lines": [], "functions": {"fix_json_schema_types": {"executed_lines": [], "summary": {"covered_lines": 0, "num_statements": 30, "percent_covered": 0.0, "percent_covered_display": "0", "missing_lines": 30, "excluded_lines": 0}, "missing_lines": [33, 34, 37, 40, 52, 55, 56, 57, 59, 60, 62, 63, 66, 67, 72, 73, 75, 76, 77, 78, 80, 81, 84, 85, 88, 89, 90, 91, 92, 94], "excluded_lines": []}, "_is_numeric_string": {"executed_lines": [], "summary": {"covered_lines": 0, "num_statements": 7, "percent_covered": 0.0, "percent_covered_display": "0", "missing_lines": 7, "excluded_lines": 0}, "missing_lines": [107, 108, 111, 112, 113, 114, 115], "excluded_lines": []}, "_fix_list_schemas": {"executed_lines": [], "summary": {"covered_lines": 0, "num_statements": 10, "percent_covered": 0.0, "percent_covered_display": "0", "missing_lines": 10, "excluded_lines": 0}, "missing_lines": [128, 129, 131, 132, 133, 134, 135, 136, 138, 140], "excluded_lines": []}, "validate_json_schema": {"executed_lines": [], "summary": {"covered_lines": 0, "num_statements": 29, "percent_covered": 0.0, "percent_covered_display": "0", "missing_lines": 29, "excluded_lines": 0}, "missing_lines": [153, 155, 156, 157, 160, 161, 170, 171, 172, 175, 176, 177, 178, 179, 180, 183, 186, 187, 188, 189, 190, 191, 192, 193, 194, 196, 198, 199, 200], "excluded_lines": []}, "fix_and_validate_schema": {"executed_lines": [], "summary": {"covered_lines": 0, "num_statements": 7, "percent_covered": 0.0, "percent_covered_display": "0", "missing_lines": 7, "excluded_lines": 0}, "missing_lines": [216, 219, 222, 223, 224, 226, 227], "excluded_lines": []}, "compare_schemas": {"executed_lines": [], "summary": {"covered_lines": 0, "num_statements": 5, "percent_covered": 0.0, "percent_covered_display": "0", "missing_lines": 5, "excluded_lines": 0}, "missing_lines": [241, 243, 273, 274, 276], "excluded_lines": []}, "compare_schemas._compare_recursive": {"executed_lines": [], "summary": {"covered_lines": 0, "num_statements": 10, "percent_covered": 0.0, "percent_covered_display": "0", "missing_lines": 10, "excluded_lines": 0}, "missing_lines": [244, 245, 246, 248, 249, 257, 258, 267, 268, 269], "excluded_lines": []}, "": {"executed_lines": [1, 12, 13, 15, 18, 97, 118, 143, 203, 230], "summary": {"covered_lines": 9, "num_statements": 9, "percent_covered": 100.0, "percent_covered_display": "100", "missing_lines": 0, "excluded_lines": 0}, "missing_lines": [], "excluded_lines": []}}, "classes": {"": {"executed_lines": [1, 12, 13, 15, 18, 97, 118, 143, 203, 230], "summary": {"covered_lines": 9, "num_statements": 107, "percent_covered": 8.411214953271028, "percent_covered_display": "8", "missing_lines": 98, "excluded_lines": 0}, "missing_lines": [33, 34, 37, 40, 52, 55, 56, 57, 59, 60, 62, 63, 66, 67, 72, 73, 75, 76, 77, 78, 80, 81, 84, 85, 88, 89, 90, 91, 92, 94, 107, 108, 111, 112, 113, 114, 115, 128, 129, 131, 132, 133, 134, 135, 136, 138, 140, 153, 155, 156, 157, 160, 161, 170, 171, 172, 175, 176, 177, 178, 179, 180, 183, 186, 187, 188, 189, 190, 191, 192, 193, 194, 196, 198, 199, 200, 216, 219, 222, 223, 224, 226, 227, 241, 243, 244, 245, 246, 248, 249, 257, 258, 267, 268, 269, 273, 274, 276], "excluded_lines": []}}}, "src\\trackhs_mcp\\infrastructure\\utils\\type_normalization.py": {"executed_lines": [1, 21, 23, 26, 43, 120, 178, 250, 318, 366, 391, 416, 444], "summary": {"covered_lines": 12, "num_statements": 121, "percent_covered": 9.917355371900827, "percent_covered_display": "10", "missing_lines": 109, "excluded_lines": 0}, "missing_lines": [40, 80, 81, 83, 84, 86, 87, 89, 91, 92, 93, 98, 100, 101, 102, 104, 106, 107, 108, 114, 152, 153, 155, 156, 159, 160, 163, 166, 167, 170, 171, 175, 216, 217, 219, 220, 222, 223, 225, 226, 228, 230, 232, 233, 235, 236, 238, 244, 284, 285, 287, 288, 290, 291, 293, 294, 296, 298, 299, 300, 302, 304, 305, 306, 312, 347, 348, 351, 354, 355, 358, 359, 363, 379, 380, 382, 383, 384, 385, 386, 388, 404, 405, 407, 408, 409, 410, 411, 413, 429, 430, 432, 433, 434, 435, 436, 437, 439, 441, 479, 480, 483, 484, 487, 488, 494, 497, 498, 501], "excluded_lines": [], "functions": {"_is_field_info": {"executed_lines": [], "summary": {"covered_lines": 0, "num_statements": 1, "percent_covered": 0.0, "percent_covered_display": "0", "missing_lines": 1, "excluded_lines": 0}, "missing_lines": [40], "excluded_lines": []}, "normalize_int": {"executed_lines": [], "summary": {"covered_lines": 0, "num_statements": 19, "percent_covered": 0.0, "percent_covered_display": "0", "missing_lines": 19, "excluded_lines": 0}, "missing_lines": [80, 81, 83, 84, 86, 87, 89, 91, 92, 93, 98, 100, 101, 102, 104, 106, 107, 108, 114], "excluded_lines": []}, "normalize_binary_int": {"executed_lines": [], "summary": {"covered_lines": 0, "num_statements": 12, "percent_covered": 0.0, "percent_covered_display": "0", "missing_lines": 12, "excluded_lines": 0}, "missing_lines": [152, 153, 155, 156, 159, 160, 163, 166, 167, 170, 171, 175], "excluded_lines": []}, "normalize_bool": {"executed_lines": [], "summary": {"covered_lines": 0, "num_statements": 16, "percent_covered": 0.0, "percent_covered_display": "0", "missing_lines": 16, "excluded_lines": 0}, "missing_lines": [216, 217, 219, 220, 222, 223, 225, 226, 228, 230, 232, 233, 235, 236, 238, 244], "excluded_lines": []}, "normalize_float": {"executed_lines": [], "summary": {"covered_lines": 0, "num_statements": 17, "percent_covered": 0.0, "percent_covered_display": "0", "missing_lines": 17, "excluded_lines": 0}, "missing_lines": [284, 285, 287, 288, 290, 291, 293, 294, 296, 298, 299, 300, 302, 304, 305, 306, 312], "excluded_lines": []}, "normalize_positive_int": {"executed_lines": [], "summary": {"covered_lines": 0, "num_statements": 8, "percent_covered": 0.0, "percent_covered_display": "0", "missing_lines": 8, "excluded_lines": 0}, "missing_lines": [347, 348, 351, 354, 355, 358, 359, 363], "excluded_lines": []}, "normalize_string_to_int": {"executed_lines": [], "summary": {"covered_lines": 0, "num_statements": 8, "percent_covered": 0.0, "percent_covered_display": "0", "missing_lines": 8, "excluded_lines": 0}, "missing_lines": [379, 380, 382, 383, 384, 385, 386, 388], "excluded_lines": []}, "normalize_string_to_float": {"executed_lines": [], "summary": {"covered_lines": 0, "num_statements": 8, "percent_covered": 0.0, "percent_covered_display": "0", "missing_lines": 8, "excluded_lines": 0}, "missing_lines": [404, 405, 407, 408, 409, 410, 411, 413], "excluded_lines": []}, "normalize_string_to_bool": {"executed_lines": [], "summary": {"covered_lines": 0, "num_statements": 10, "percent_covered": 0.0, "percent_covered_display": "0", "missing_lines": 10, "excluded_lines": 0}, "missing_lines": [429, 430, 432, 433, 434, 435, 436, 437, 439, 441], "excluded_lines": []}, "normalize_optional_string": {"executed_lines": [], "summary": {"covered_lines": 0, "num_statements": 10, "percent_covered": 0.0, "percent_covered_display": "0", "missing_lines": 10, "excluded_lines": 0}, "missing_lines": [479, 480, 483, 484, 487, 488, 494, 497, 498, 501], "excluded_lines": []}, "": {"executed_lines": [1, 21, 23, 26, 43, 120, 178, 250, 318, 366, 391, 416, 444], "summary": {"covered_lines": 12, "num_statements": 12, "percent_covered": 100.0, "percent_covered_display": "100", "missing_lines": 0, "excluded_lines": 0}, "missing_lines": [], "excluded_lines": []}}, "classes": {"": {"executed_lines": [1, 21, 23, 26, 43, 120, 178, 250, 318, 366, 391, 416, 444], "summary": {"covered_lines": 12, "num_statements": 121, "percent_covered": 9.917355371900827, "percent_covered_display": "10", "missing_lines": 109, "excluded_lines": 0}, "missing_lines": [40, 80, 81, 83, 84, 86, 87, 89, 91, 92, 93, 98, 100, 101, 102, 104, 106, 107, 108, 114, 152, 153, 155, 156, 159, 160, 163, 166, 167, 170, 171, 175, 216, 217, 219, 220, 222, 223, 225, 226, 228, 230, 232, 233, 235, 236, 238, 244, 284, 285, 287, 288, 290, 291, 293, 294, 296, 298, 299, 300, 302, 304, 305, 306, 312, 347, 348, 351, 354, 355, 358, 359, 363, 379, 380, 382, 383, 384, 385, 386, 388, 404, 405, 407, 408, 409, 410, 411, 413, 429, 430, 432, 433, 434, 435, 436, 437, 439, 441, 479, 480, 483, 484, 487, 488, 494, 497, 498, 501], "excluded_lines": []}}}, "src\\trackhs_mcp\\infrastructure\\utils\\user_friendly_messages.py": {"executed_lines": [1, 6, 17, 26, 35, 40, 49], "summary": {"covered_lines": 6, "num_statements": 12, "percent_covered": 50.0, "percent_covered_display": "50", "missing_lines": 6, "excluded_lines": 0}, "missing_lines": [8, 19, 28, 37, 42, 51], "excluded_lines": [], "functions": {"format_date_error": {"executed_lines": [], "summary": {"covered_lines": 0, "num_statements": 1, "percent_covered": 0.0, "percent_covered_display": "0", "missing_lines": 1, "excluded_lines": 0}, "missing_lines": [8], "excluded_lines": []}, "format_type_error": {"executed_lines": [], "summary": {"covered_lines": 0, "num_statements": 1, "percent_covered": 0.0, "percent_covered_display": "0", "missing_lines": 1, "excluded_lines": 0}, "missing_lines": [19], "excluded_lines": []}, "format_range_error": {"executed_lines": [], "summary": {"covered_lines": 0, "num_statements": 1, "percent_covered": 0.0, "percent_covered_display": "0", "missing_lines": 1, "excluded_lines": 0}, "missing_lines": [28], "excluded_lines": []}, "format_required_error": {"executed_lines": [], "summary": {"covered_lines": 0, "num_statements": 1, "percent_covered": 0.0, "percent_covered_display": "0", "missing_lines": 1, "excluded_lines": 0}, "missing_lines": [37], "excluded_lines": []}, "format_boolean_error": {"executed_lines": [], "summary": {"covered_lines": 0, "num_statements": 1, "percent_covered": 0.0, "percent_covered_display": "0", "missing_lines": 1, "excluded_lines": 0}, "missing_lines": [42], "excluded_lines": []}, "format_id_list_error": {"executed_lines": [], "summary": {"covered_lines": 0, "num_statements": 1, "percent_covered": 0.0, "percent_covered_display": "0", "missing_lines": 1, "excluded_lines": 0}, "missing_lines": [51], "excluded_lines": []}, "": {"executed_lines": [1, 6, 17, 26, 35, 40, 49], "summary": {"covered_lines": 6, "num_statements": 6, "percent_covered": 100.0, "percent_covered_display": "100", "missing_lines": 0, "excluded_lines": 0}, "missing_lines": [], "excluded_lines": []}}, "classes": {"": {"executed_lines": [1, 6, 17, 26, 35, 40, 49], "summary": {"covered_lines": 6, "num_statements": 12, "percent_covered": 50.0, "percent_covered_display": "50", "missing_lines": 6, "excluded_lines": 0}, "missing_lines": [8, 19, 28, 37, 42, 51], "excluded_lines": []}}}, "src\\trackhs_mcp\\infrastructure\\utils\\validation_decorator.py": {"executed_lines": [], "summary": {"covered_lines": 0, "num_statements": 68, "percent_covered": 0.0, "percent_covered_display": "0", "missing_lines": 68, "excluded_lines": 0}, "missing_lines": [11, 12, 13, 15, 16, 18, 21, 49, 50, 51, 52, 54, 55, 56, 57, 58, 61, 62, 65, 72, 73, 74, 75, 76, 77, 78, 81, 88, 89, 90, 91, 92, 94, 95, 96, 99, 106, 107, 108, 109, 110, 112, 114, 117, 119, 120, 123, 125, 127, 130, 137, 142, 143, 145, 148, 151, 152, 153, 156, 158, 160, 161, 163, 167, 170, 177, 191, 198], "excluded_lines": [], "functions": {"validate_mcp_parameters": {"executed_lines": [], "summary": {"covered_lines": 0, "num_statements": 3, "percent_covered": 0.0, "percent_covered_display": "0", "missing_lines": 3, "excluded_lines": 0}, "missing_lines": [49, 50, 127], "excluded_lines": []}, "validate_mcp_parameters.decorator": {"executed_lines": [], "summary": {"covered_lines": 0, "num_statements": 2, "percent_covered": 0.0, "percent_covered_display": "0", "missing_lines": 2, "excluded_lines": 0}, "missing_lines": [51, 125], "excluded_lines": []}, "validate_mcp_parameters.decorator.wrapper": {"executed_lines": [], "summary": {"covered_lines": 0, "num_statements": 37, "percent_covered": 0.0, "percent_covered_display": "0", "missing_lines": 37, "excluded_lines": 0}, "missing_lines": [52, 54, 55, 56, 57, 58, 61, 62, 65, 72, 73, 74, 75, 76, 77, 78, 81, 88, 89, 90, 91, 92, 94, 95, 96, 99, 106, 107, 108, 109, 110, 112, 114, 117, 119, 120, 123], "excluded_lines": []}, "validate_search_reservations_params": {"executed_lines": [], "summary": {"covered_lines": 0, "num_statements": 3, "percent_covered": 0.0, "percent_covered_display": "0", "missing_lines": 3, "excluded_lines": 0}, "missing_lines": [137, 142, 167], "excluded_lines": []}, "validate_search_reservations_params.wrapper": {"executed_lines": [], "summary": {"covered_lines": 0, "num_statements": 11, "percent_covered": 0.0, "percent_covered_display": "0", "missing_lines": 11, "excluded_lines": 0}, "missing_lines": [143, 145, 148, 151, 152, 153, 156, 158, 160, 161, 163], "excluded_lines": []}, "validate_search_units_params": {"executed_lines": [], "summary": {"covered_lines": 0, "num_statements": 1, "percent_covered": 0.0, "percent_covered_display": "0", "missing_lines": 1, "excluded_lines": 0}, "missing_lines": [177], "excluded_lines": []}, "validate_work_order_params": {"executed_lines": [], "summary": {"covered_lines": 0, "num_statements": 1, "percent_covered": 0.0, "percent_covered_display": "0", "missing_lines": 1, "excluded_lines": 0}, "missing_lines": [198], "excluded_lines": []}, "": {"executed_lines": [], "summary": {"covered_lines": 0, "num_statements": 10, "percent_covered": 0.0, "percent_covered_display": "0", "missing_lines": 10, "excluded_lines": 0}, "missing_lines": [11, 12, 13, 15, 16, 18, 21, 130, 170, 191], "excluded_lines": []}}, "classes": {"": {"executed_lines": [], "summary": {"covered_lines": 0, "num_statements": 68, "percent_covered": 0.0, "percent_covered_display": "0", "missing_lines": 68, "excluded_lines": 0}, "missing_lines": [11, 12, 13, 15, 16, 18, 21, 49, 50, 51, 52, 54, 55, 56, 57, 58, 61, 62, 65, 72, 73, 74, 75, 76, 77, 78, 81, 88, 89, 90, 91, 92, 94, 95, 96, 99, 106, 107, 108, 109, 110, 112, 114, 117, 119, 120, 123, 125, 127, 130, 137, 142, 143, 145, 148, 151, 152, 153, 156, 158, 160, 161, 163, 167, 170, 177, 191, 198], "excluded_lines": []}}}, "src\\trackhs_mcp\\infrastructure\\validation\\date_validators.py": {"executed_lines": [1, 6, 7, 8, 11, 12, 15, 17, 18, 58, 59, 98, 99], "summary": {"covered_lines": 11, "num_statements": 38, "percent_covered": 28.94736842105263, "percent_covered_display": "29", "missing_lines": 27, "excluded_lines": 0}, "missing_lines": [31, 32, 35, 36, 39, 40, 46, 47, 49, 52, 53, 54, 56, 75, 76, 79, 80, 81, 84, 88, 89, 93, 94, 96, 109, 110, 112], "excluded_lines": [], "functions": {"DateValidator.validate_optional_date": {"executed_lines": [], "summary": {"covered_lines": 0, "num_statements": 13, "percent_covered": 0.0, "percent_covered_display": "0", "missing_lines": 13, "excluded_lines": 0}, "missing_lines": [31, 32, 35, 36, 39, 40, 46, 47, 49, 52, 53, 54, 56], "excluded_lines": []}, "DateValidator.validate_date_range": {"executed_lines": [], "summary": {"covered_lines": 0, "num_statements": 11, "percent_covered": 0.0, "percent_covered_display": "0", "missing_lines": 11, "excluded_lines": 0}, "missing_lines": [75, 76, 79, 80, 81, 84, 88, 89, 93, 94, 96], "excluded_lines": []}, "DateValidator.is_valid_date_format": {"executed_lines": [], "summary": {"covered_lines": 0, "num_statements": 3, "percent_covered": 0.0, "percent_covered_display": "0", "missing_lines": 3, "excluded_lines": 0}, "missing_lines": [109, 110, 112], "excluded_lines": []}, "": {"executed_lines": [1, 6, 7, 8, 11, 12, 15, 17, 18, 58, 59, 98, 99], "summary": {"covered_lines": 11, "num_statements": 11, "percent_covered": 100.0, "percent_covered_display": "100", "missing_lines": 0, "excluded_lines": 0}, "missing_lines": [], "excluded_lines": []}}, "classes": {"DateValidator": {"executed_lines": [], "summary": {"covered_lines": 0, "num_statements": 27, "percent_covered": 0.0, "percent_covered_display": "0", "missing_lines": 27, "excluded_lines": 0}, "missing_lines": [31, 32, 35, 36, 39, 40, 46, 47, 49, 52, 53, 54, 56, 75, 76, 79, 80, 81, 84, 88, 89, 93, 94, 96, 109, 110, 112], "excluded_lines": []}, "": {"executed_lines": [1, 6, 7, 8, 11, 12, 15, 17, 18, 58, 59, 98, 99], "summary": {"covered_lines": 11, "num_statements": 11, "percent_covered": 100.0, "percent_covered_display": "100", "missing_lines": 0, "excluded_lines": 0}, "missing_lines": [], "excluded_lines": []}}}, "src\\trackhs_mcp\\server.py": {"executed_lines": [1, 6, 7, 9, 12, 13, 14, 18, 19, 22, 23, 24, 25, 26, 29, 32, 33, 36, 38, 45, 46, 47, 50], "summary": {"covered_lines": 21, "num_statements": 23, "percent_covered": 91.30434782608695, "percent_covered_display": "91", "missing_lines": 2, "excluded_lines": 2}, "missing_lines": [15, 20], "excluded_lines": [50, 52], "functions": {"": {"executed_lines": [1, 6, 7, 9, 12, 13, 14, 18, 19, 22, 23, 24, 25, 26, 29, 32, 33, 36, 38, 45, 46, 47, 50], "summary": {"covered_lines": 21, "num_statements": 23, "percent_covered": 91.30434782608695, "percent_covered_display": "91", "missing_lines": 2, "excluded_lines": 2}, "missing_lines": [15, 20], "excluded_lines": [50, 52]}}, "classes": {"": {"executed_lines": [1, 6, 7, 9, 12, 13, 14, 18, 19, 22, 23, 24, 25, 26, 29, 32, 33, 36, 38, 45, 46, 47, 50], "summary": {"covered_lines": 21, "num_statements": 23, "percent_covered": 91.30434782608695, "percent_covered_display": "91", "missing_lines": 2, "excluded_lines": 2}, "missing_lines": [15, 20], "excluded_lines": [50, 52]}}}}, "totals": {"covered_lines": 1702, "num_statements": 4387, "percent_covered": 38.79644403920675, "percent_covered_display": "39", "missing_lines": 2685, "excluded_lines": 104}}